{"/home/travis/build/npmtest/node-npmtest-quik/test.js":{"path":"/home/travis/build/npmtest/node-npmtest-quik/test.js","s":{"1":2,"2":2,"3":2,"4":2,"5":2,"6":2,"7":2,"8":1,"9":2,"10":2,"11":1,"12":1,"13":1,"14":1,"15":2,"16":2,"17":2,"18":2,"19":1,"20":1,"21":2,"22":2,"23":2,"24":1,"25":1,"26":1,"27":1,"28":1,"29":1,"30":1,"31":1,"32":1,"33":1,"34":1,"35":1,"36":1,"37":1,"38":1,"39":2,"40":2,"41":1,"42":2,"43":2,"44":1,"45":2,"46":2,"47":1,"48":2,"49":2,"50":1,"51":1,"52":1,"53":1,"54":1},"b":{"1":[2,1,1,1],"2":[1,1,1,1],"3":[1,1],"4":[1,1],"5":[1,1],"6":[1,1],"7":[1,1],"8":[1,1],"9":[1,1],"10":[1,1,1],"11":[1,1],"12":[1,1],"13":[1,1],"14":[1,1],"15":[1,1],"16":[1,1],"17":[1,1]},"f":{"1":2,"2":2,"3":2,"4":2,"5":2,"6":1,"7":1,"8":1,"9":2,"10":2,"11":2,"12":2,"13":1},"fnMap":{"1":{"name":"(anonymous_1)","line":12,"loc":{"start":{"line":12,"column":1},"end":{"line":12,"column":13}}},"2":{"name":"(anonymous_2)","line":19,"loc":{"start":{"line":19,"column":5},"end":{"line":19,"column":17}}},"3":{"name":"(anonymous_3)","line":23,"loc":{"start":{"line":23,"column":24},"end":{"line":23,"column":36}}},"4":{"name":"(anonymous_4)","line":61,"loc":{"start":{"line":61,"column":5},"end":{"line":61,"column":17}}},"5":{"name":"(anonymous_5)","line":82,"loc":{"start":{"line":82,"column":5},"end":{"line":82,"column":17}}},"6":{"name":"(anonymous_6)","line":91,"loc":{"start":{"line":91,"column":77},"end":{"line":94,"column":10}}},"7":{"name":"(anonymous_7)","line":112,"loc":{"start":{"line":112,"column":83},"end":{"line":115,"column":10}},"skip":true},"8":{"name":"(anonymous_8)","line":123,"loc":{"start":{"line":123,"column":77},"end":{"line":126,"column":10}},"skip":true},"9":{"name":"(anonymous_9)","line":139,"loc":{"start":{"line":139,"column":12},"end":{"line":139,"column":40}},"skip":true},"10":{"name":"(anonymous_10)","line":147,"loc":{"start":{"line":147,"column":77},"end":{"line":150,"column":10}},"skip":true},"11":{"name":"(anonymous_11)","line":158,"loc":{"start":{"line":158,"column":83},"end":{"line":161,"column":10}},"skip":true},"12":{"name":"(anonymous_12)","line":169,"loc":{"start":{"line":169,"column":79},"end":{"line":172,"column":10}},"skip":true},"13":{"name":"(anonymous_13)","line":180,"loc":{"start":{"line":180,"column":75},"end":{"line":183,"column":10}},"skip":true}},"statementMap":{"1":{"start":{"line":12,"column":0},"end":{"line":195,"column":5}},"2":{"start":{"line":14,"column":4},"end":{"line":14,"column":14}},"3":{"start":{"line":19,"column":4},"end":{"line":56,"column":9}},"4":{"start":{"line":21,"column":8},"end":{"line":21,"column":19}},"5":{"start":{"line":23,"column":8},"end":{"line":35,"column":13}},"6":{"start":{"line":24,"column":12},"end":{"line":34,"column":13}},"7":{"start":{"line":25,"column":16},"end":{"line":28,"column":30}},"8":{"start":{"line":30,"column":16},"end":{"line":33,"column":27}},"9":{"start":{"line":37,"column":8},"end":{"line":39,"column":21}},"10":{"start":{"line":40,"column":8},"end":{"line":53,"column":9}},"11":{"start":{"line":43,"column":12},"end":{"line":46,"column":14}},"12":{"start":{"line":47,"column":12},"end":{"line":47,"column":18}},"13":{"start":{"line":50,"column":12},"end":{"line":51,"column":46}},"14":{"start":{"line":52,"column":12},"end":{"line":52,"column":18}},"15":{"start":{"line":55,"column":8},"end":{"line":55,"column":35}},"16":{"start":{"line":61,"column":4},"end":{"line":63,"column":9}},"17":{"start":{"line":62,"column":8},"end":{"line":62,"column":15}},"18":{"start":{"line":64,"column":4},"end":{"line":77,"column":5}},"19":{"start":{"line":70,"column":8},"end":{"line":70,"column":14}},"20":{"start":{"line":76,"column":8},"end":{"line":76,"column":14}},"21":{"start":{"line":82,"column":4},"end":{"line":84,"column":9}},"22":{"start":{"line":83,"column":8},"end":{"line":83,"column":15}},"23":{"start":{"line":85,"column":4},"end":{"line":194,"column":5}},"24":{"start":{"line":91,"column":8},"end":{"line":99,"column":10}},"25":{"start":{"line":98,"column":12},"end":{"line":98,"column":35}},"26":{"start":{"line":102,"column":8},"end":{"line":104,"column":63}},"27":{"start":{"line":105,"column":8},"end":{"line":105,"column":14}},"28":{"start":{"line":112,"column":8},"end":{"line":121,"column":10},"skip":true},"29":{"start":{"line":119,"column":12},"end":{"line":119,"column":55},"skip":true},"30":{"start":{"line":120,"column":12},"end":{"line":120,"column":48},"skip":true},"31":{"start":{"line":123,"column":8},"end":{"line":136,"column":10},"skip":true},"32":{"start":{"line":130,"column":12},"end":{"line":130,"column":76},"skip":true},"33":{"start":{"line":131,"column":12},"end":{"line":131,"column":73},"skip":true},"34":{"start":{"line":132,"column":12},"end":{"line":132,"column":74},"skip":true},"35":{"start":{"line":133,"column":12},"end":{"line":133,"column":79},"skip":true},"36":{"start":{"line":134,"column":12},"end":{"line":134,"column":25},"skip":true},"37":{"start":{"line":135,"column":12},"end":{"line":135,"column":45},"skip":true},"38":{"start":{"line":138,"column":8},"end":{"line":145,"column":14},"skip":true},"39":{"start":{"line":143,"column":16},"end":{"line":143,"column":29},"skip":true},"40":{"start":{"line":144,"column":16},"end":{"line":144,"column":55},"skip":true},"41":{"start":{"line":147,"column":8},"end":{"line":156,"column":10},"skip":true},"42":{"start":{"line":154,"column":12},"end":{"line":154,"column":25},"skip":true},"43":{"start":{"line":155,"column":12},"end":{"line":155,"column":45},"skip":true},"44":{"start":{"line":158,"column":8},"end":{"line":167,"column":10},"skip":true},"45":{"start":{"line":165,"column":12},"end":{"line":165,"column":25},"skip":true},"46":{"start":{"line":166,"column":12},"end":{"line":166,"column":48},"skip":true},"47":{"start":{"line":169,"column":8},"end":{"line":178,"column":10},"skip":true},"48":{"start":{"line":176,"column":12},"end":{"line":176,"column":25},"skip":true},"49":{"start":{"line":177,"column":12},"end":{"line":177,"column":46},"skip":true},"50":{"start":{"line":180,"column":8},"end":{"line":189,"column":10},"skip":true},"51":{"start":{"line":187,"column":12},"end":{"line":187,"column":94},"skip":true},"52":{"start":{"line":188,"column":12},"end":{"line":188,"column":48},"skip":true},"53":{"start":{"line":192,"column":8},"end":{"line":192,"column":35},"skip":true},"54":{"start":{"line":193,"column":8},"end":{"line":193,"column":14},"skip":true}},"branchMap":{"1":{"line":25,"type":"binary-expr","locations":[{"start":{"line":25,"column":23},"end":{"line":25,"column":62}},{"start":{"line":26,"column":20},"end":{"line":26,"column":70}},{"start":{"line":27,"column":20},"end":{"line":27,"column":71}},{"start":{"line":28,"column":20},"end":{"line":28,"column":29}}]},"2":{"line":30,"type":"binary-expr","locations":[{"start":{"line":30,"column":23},"end":{"line":30,"column":37}},{"start":{"line":31,"column":20},"end":{"line":31,"column":61}},{"start":{"line":32,"column":20},"end":{"line":32,"column":70}},{"start":{"line":33,"column":20},"end":{"line":33,"column":26}}]},"3":{"line":37,"type":"cond-expr","locations":[{"start":{"line":38,"column":14},"end":{"line":38,"column":20}},{"start":{"line":39,"column":14},"end":{"line":39,"column":20}}]},"4":{"line":40,"type":"switch","locations":[{"start":{"line":42,"column":8},"end":{"line":47,"column":18}},{"start":{"line":49,"column":8},"end":{"line":52,"column":18}}]},"5":{"line":44,"type":"binary-expr","locations":[{"start":{"line":44,"column":16},"end":{"line":44,"column":44}},{"start":{"line":44,"column":48},"end":{"line":44,"column":66}}]},"6":{"line":50,"type":"binary-expr","locations":[{"start":{"line":50,"column":21},"end":{"line":50,"column":49}},{"start":{"line":50,"column":53},"end":{"line":50,"column":72}}]},"7":{"line":64,"type":"switch","locations":[{"start":{"line":69,"column":4},"end":{"line":70,"column":14}},{"start":{"line":75,"column":4},"end":{"line":76,"column":14}}]},"8":{"line":85,"type":"switch","locations":[{"start":{"line":90,"column":4},"end":{"line":105,"column":14}},{"start":{"line":111,"column":4},"end":{"line":193,"column":14},"skip":true}]},"9":{"line":91,"type":"binary-expr","locations":[{"start":{"line":91,"column":42},"end":{"line":91,"column":73}},{"start":{"line":91,"column":77},"end":{"line":99,"column":9}}]},"10":{"line":102,"type":"binary-expr","locations":[{"start":{"line":102,"column":18},"end":{"line":102,"column":32}},{"start":{"line":103,"column":12},"end":{"line":103,"column":53}},{"start":{"line":104,"column":12},"end":{"line":104,"column":61}}]},"11":{"line":112,"type":"binary-expr","locations":[{"start":{"line":112,"column":45},"end":{"line":112,"column":79},"skip":true},{"start":{"line":112,"column":83},"end":{"line":121,"column":9},"skip":true}]},"12":{"line":123,"type":"binary-expr","locations":[{"start":{"line":123,"column":42},"end":{"line":123,"column":73},"skip":true},{"start":{"line":123,"column":77},"end":{"line":136,"column":9},"skip":true}]},"13":{"line":138,"type":"binary-expr","locations":[{"start":{"line":138,"column":48},"end":{"line":138,"column":85},"skip":true},{"start":{"line":139,"column":12},"end":{"line":145,"column":13},"skip":true}]},"14":{"line":147,"type":"binary-expr","locations":[{"start":{"line":147,"column":42},"end":{"line":147,"column":73},"skip":true},{"start":{"line":147,"column":77},"end":{"line":156,"column":9},"skip":true}]},"15":{"line":158,"type":"binary-expr","locations":[{"start":{"line":158,"column":45},"end":{"line":158,"column":79},"skip":true},{"start":{"line":158,"column":83},"end":{"line":167,"column":9},"skip":true}]},"16":{"line":169,"type":"binary-expr","locations":[{"start":{"line":169,"column":43},"end":{"line":169,"column":75},"skip":true},{"start":{"line":169,"column":79},"end":{"line":178,"column":9},"skip":true}]},"17":{"line":180,"type":"binary-expr","locations":[{"start":{"line":180,"column":41},"end":{"line":180,"column":71},"skip":true},{"start":{"line":180,"column":75},"end":{"line":189,"column":9},"skip":true}]}},"code":["/* istanbul instrument in package npmtest_quik */","/*jslint","    bitwise: true,","    browser: true,","    maxerr: 8,","    maxlen: 96,","    node: true,","    nomen: true,","    regexp: true,","    stupid: true","*/","(function () {","    'use strict';","    var local;","","","","    // run shared js-env code - pre-init","    (function () {","        // init local","        local = {};","        // init modeJs","        local.modeJs = (function () {","            try {","                return typeof navigator.userAgent === 'string' &&","                    typeof document.querySelector('body') === 'object' &&","                    typeof XMLHttpRequest.prototype.open === 'function' &&","                    'browser';","            } catch (errorCaughtBrowser) {","                return module.exports &&","                    typeof process.versions.node === 'string' &&","                    typeof require('http').createServer === 'function' &&","                    'node';","            }","        }());","        // init global","        local.global = local.modeJs === 'browser'","            ? window","            : global;","        switch (local.modeJs) {","        // re-init local from window.local","        case 'browser':","            local = local.global.utility2.objectSetDefault(","                local.global.utility2_rollup || local.global.local,","                local.global.utility2","            );","            break;","        // re-init local from example.js","        case 'node':","            local = (local.global.utility2_rollup || require('utility2'))","                .requireExampleJsFromReadme();","            break;","        }","        // export local","        local.global.local = local;","    }());","","","","    // run shared js-env code - function","    (function () {","        return;","    }());","    switch (local.modeJs) {","","","","    // run browser js-env code - function","    case 'browser':","        break;","","","","    // run node js-env code - function","    case 'node':","        break;","    }","","","","    // run shared js-env code - post-init","    (function () {","        return;","    }());","    switch (local.modeJs) {","","","","    // run browser js-env code - post-init","    case 'browser':","        local.testCase_browser_nullCase = local.testCase_browser_nullCase || function (","            options,","            onError","        ) {","        /*","         * this function will test browsers's null-case handling-behavior-behavior","         */","            onError(null, options);","        };","","        // run tests","        local.nop(local.modeTest &&","            document.querySelector('#testRunButton1') &&","            document.querySelector('#testRunButton1').click());","        break;","","","","    // run node js-env code - post-init","    /* istanbul ignore next */","    case 'node':","        local.testCase_buildApidoc_default = local.testCase_buildApidoc_default || function (","            options,","            onError","        ) {","        /*","         * this function will test buildApidoc's default handling-behavior-behavior","         */","            options = { modulePathList: module.paths };","            local.buildApidoc(options, onError);","        };","","        local.testCase_buildApp_default = local.testCase_buildApp_default || function (","            options,","            onError","        ) {","        /*","         * this function will test buildApp's default handling-behavior-behavior","         */","            local.testCase_buildReadme_default(options, local.onErrorThrow);","            local.testCase_buildLib_default(options, local.onErrorThrow);","            local.testCase_buildTest_default(options, local.onErrorThrow);","            local.testCase_buildCustomOrg_default(options, local.onErrorThrow);","            options = [];","            local.buildApp(options, onError);","        };","","        local.testCase_buildCustomOrg_default = local.testCase_buildCustomOrg_default ||","            function (options, onError) {","            /*","             * this function will test buildCustomOrg's default handling-behavior","             */","                options = {};","                local.buildCustomOrg(options, onError);","            };","","        local.testCase_buildLib_default = local.testCase_buildLib_default || function (","            options,","            onError","        ) {","        /*","         * this function will test buildLib's default handling-behavior","         */","            options = {};","            local.buildLib(options, onError);","        };","","        local.testCase_buildReadme_default = local.testCase_buildReadme_default || function (","            options,","            onError","        ) {","        /*","         * this function will test buildReadme's default handling-behavior-behavior","         */","            options = {};","            local.buildReadme(options, onError);","        };","","        local.testCase_buildTest_default = local.testCase_buildTest_default || function (","            options,","            onError","        ) {","        /*","         * this function will test buildTest's default handling-behavior","         */","            options = {};","            local.buildTest(options, onError);","        };","","        local.testCase_webpage_default = local.testCase_webpage_default || function (","            options,","            onError","        ) {","        /*","         * this function will test webpage's default handling-behavior","         */","            options = { modeCoverageMerge: true, url: local.serverLocalHost + '?modeTest=1' };","            local.browserTest(options, onError);","        };","","        // run test-server","        local.testRunServer(local);","        break;","    }","}());",""],"l":{"12":2,"14":2,"19":2,"21":2,"23":2,"24":2,"25":2,"30":1,"37":2,"40":2,"43":1,"47":1,"50":1,"52":1,"55":2,"61":2,"62":2,"64":2,"70":1,"76":1,"82":2,"83":2,"85":2,"91":1,"98":1,"102":1,"105":1,"112":1,"119":1,"120":1,"123":1,"130":1,"131":1,"132":1,"133":1,"134":1,"135":1,"138":1,"143":2,"144":2,"147":1,"154":2,"155":2,"158":1,"165":2,"166":2,"169":1,"176":2,"177":2,"180":1,"187":1,"188":1,"192":1,"193":1}},"/home/travis/build/npmtest/node-npmtest-quik/lib.npmtest_quik.js":{"path":"/home/travis/build/npmtest/node-npmtest-quik/lib.npmtest_quik.js","s":{"1":2,"2":2,"3":2,"4":2,"5":2,"6":2,"7":2,"8":1,"9":2,"10":2,"11":2,"12":2,"13":1,"14":1,"15":1,"16":1},"b":{"1":[2,1,1,1],"2":[1,1,1,1],"3":[1,1],"4":[2,2],"5":[1,1]},"f":{"1":2,"2":2,"3":2},"fnMap":{"1":{"name":"(anonymous_1)","line":12,"loc":{"start":{"line":12,"column":1},"end":{"line":12,"column":13}}},"2":{"name":"(anonymous_2)","line":19,"loc":{"start":{"line":19,"column":5},"end":{"line":19,"column":17}}},"3":{"name":"(anonymous_3)","line":23,"loc":{"start":{"line":23,"column":24},"end":{"line":23,"column":36}}}},"statementMap":{"1":{"start":{"line":12,"column":0},"end":{"line":53,"column":5}},"2":{"start":{"line":14,"column":4},"end":{"line":14,"column":14}},"3":{"start":{"line":19,"column":4},"end":{"line":52,"column":9}},"4":{"start":{"line":21,"column":8},"end":{"line":21,"column":19}},"5":{"start":{"line":23,"column":8},"end":{"line":35,"column":13}},"6":{"start":{"line":24,"column":12},"end":{"line":34,"column":13}},"7":{"start":{"line":25,"column":16},"end":{"line":28,"column":30}},"8":{"start":{"line":30,"column":16},"end":{"line":33,"column":27}},"9":{"start":{"line":37,"column":8},"end":{"line":39,"column":21}},"10":{"start":{"line":41,"column":8},"end":{"line":41,"column":54}},"11":{"start":{"line":43,"column":8},"end":{"line":43,"column":49}},"12":{"start":{"line":45,"column":8},"end":{"line":51,"column":9}},"13":{"start":{"line":46,"column":12},"end":{"line":46,"column":55}},"14":{"start":{"line":48,"column":12},"end":{"line":48,"column":35}},"15":{"start":{"line":49,"column":12},"end":{"line":49,"column":49}},"16":{"start":{"line":50,"column":12},"end":{"line":50,"column":43}}},"branchMap":{"1":{"line":25,"type":"binary-expr","locations":[{"start":{"line":25,"column":23},"end":{"line":25,"column":62}},{"start":{"line":26,"column":20},"end":{"line":26,"column":70}},{"start":{"line":27,"column":20},"end":{"line":27,"column":71}},{"start":{"line":28,"column":20},"end":{"line":28,"column":29}}]},"2":{"line":30,"type":"binary-expr","locations":[{"start":{"line":30,"column":23},"end":{"line":30,"column":37}},{"start":{"line":31,"column":20},"end":{"line":31,"column":61}},{"start":{"line":32,"column":20},"end":{"line":32,"column":70}},{"start":{"line":33,"column":20},"end":{"line":33,"column":26}}]},"3":{"line":37,"type":"cond-expr","locations":[{"start":{"line":38,"column":14},"end":{"line":38,"column":20}},{"start":{"line":39,"column":14},"end":{"line":39,"column":20}}]},"4":{"line":41,"type":"binary-expr","locations":[{"start":{"line":41,"column":16},"end":{"line":41,"column":44}},{"start":{"line":41,"column":48},"end":{"line":41,"column":53}}]},"5":{"line":45,"type":"if","locations":[{"start":{"line":45,"column":8},"end":{"line":45,"column":8}},{"start":{"line":45,"column":8},"end":{"line":45,"column":8}}]}},"code":["/* istanbul instrument in package npmtest_quik */","/*jslint","    bitwise: true,","    browser: true,","    maxerr: 8,","    maxlen: 96,","    node: true,","    nomen: true,","    regexp: true,","    stupid: true","*/","(function () {","    'use strict';","    var local;","","","","    // run shared js-env code - pre-init","    (function () {","        // init local","        local = {};","        // init modeJs","        local.modeJs = (function () {","            try {","                return typeof navigator.userAgent === 'string' &&","                    typeof document.querySelector('body') === 'object' &&","                    typeof XMLHttpRequest.prototype.open === 'function' &&","                    'browser';","            } catch (errorCaughtBrowser) {","                return module.exports &&","                    typeof process.versions.node === 'string' &&","                    typeof require('http').createServer === 'function' &&","                    'node';","            }","        }());","        // init global","        local.global = local.modeJs === 'browser'","            ? window","            : global;","        // init utility2_rollup","        local = local.global.utility2_rollup || local;","        // init lib","        local.local = local.npmtest_quik = local;","        // init exports","        if (local.modeJs === 'browser') {","            local.global.utility2_npmtest_quik = local;","        } else {","            module.exports = local;","            module.exports.__dirname = __dirname;","            module.exports.module = module;","        }","    }());","}());",""],"l":{"12":2,"14":2,"19":2,"21":2,"23":2,"24":2,"25":2,"30":1,"37":2,"41":2,"43":2,"45":2,"46":1,"48":1,"49":1,"50":1}},"/home/travis/build/npmtest/node-npmtest-quik/example.js":{"path":"/home/travis/build/npmtest/node-npmtest-quik/example.js","s":{"1":2,"2":2,"3":2,"4":2,"5":2,"6":2,"7":2,"8":1,"9":2,"10":2,"11":2,"12":2,"13":1,"14":2,"15":2,"16":2,"17":2,"18":2,"19":0,"20":2,"21":1,"22":1,"23":1,"24":1,"25":1,"26":0,"27":0,"28":1,"29":1,"30":2,"31":0,"32":0,"33":0,"34":1,"35":2,"36":2,"37":3,"38":3,"39":3,"40":3,"41":0,"42":3,"43":3,"44":3,"45":1,"46":3,"47":1,"48":1,"49":1,"50":1,"51":1,"52":1,"53":1,"54":1,"55":1,"56":1,"57":0,"58":1,"59":6,"60":6,"61":1,"62":2,"63":0,"64":2,"65":1,"66":1,"67":0,"68":0,"69":0,"70":0,"71":0,"72":0,"73":0,"74":0,"75":0,"76":0,"77":0,"78":0,"79":0,"80":0,"81":0,"82":0,"83":0},"b":{"1":[2,1,1,1],"2":[1,1,1,1],"3":[1,1],"4":[2,2],"5":[1,1],"6":[1,1],"7":[2,0],"8":[2,1,1,1,1,1],"9":[0,2,0],"10":[1,1],"11":[2,1,1],"12":[1,0],"13":[0,2],"14":[2,0,0,0,0,0,0],"15":[0,3],"16":[3,0],"17":[1,1],"18":[0,1],"19":[1,2,0,2],"20":[1,0],"21":[1,1],"22":[0,0],"23":[0,0],"24":[0,0],"25":[0,0],"26":[0,0],"27":[0,0],"28":[0,0]},"f":{"1":2,"2":2,"3":2,"4":2,"5":2,"6":2,"7":3,"8":3,"9":3,"10":1,"11":6,"12":0},"fnMap":{"1":{"name":"(anonymous_1)","line":26,"loc":{"start":{"line":26,"column":1},"end":{"line":26,"column":13}}},"2":{"name":"(anonymous_2)","line":33,"loc":{"start":{"line":33,"column":5},"end":{"line":33,"column":17}}},"3":{"name":"(anonymous_3)","line":37,"loc":{"start":{"line":37,"column":24},"end":{"line":37,"column":36}}},"4":{"name":"(anonymous_4)","line":69,"loc":{"start":{"line":69,"column":31},"end":{"line":69,"column":48}},"skip":true},"5":{"name":"(anonymous_5)","line":78,"loc":{"start":{"line":78,"column":26},"end":{"line":78,"column":45}},"skip":true},"6":{"name":"(anonymous_6)","line":123,"loc":{"start":{"line":123,"column":33},"end":{"line":123,"column":48}},"skip":true},"7":{"name":"(anonymous_7)","line":125,"loc":{"start":{"line":125,"column":27},"end":{"line":125,"column":39}},"skip":true},"8":{"name":"(anonymous_8)","line":133,"loc":{"start":{"line":133,"column":59},"end":{"line":133,"column":74}},"skip":true},"9":{"name":"(anonymous_9)","line":143,"loc":{"start":{"line":143,"column":45},"end":{"line":143,"column":62}},"skip":true},"10":{"name":"(anonymous_10)","line":144,"loc":{"start":{"line":144,"column":73},"end":{"line":144,"column":92}},"skip":true},"11":{"name":"(anonymous_11)","line":272,"loc":{"start":{"line":272,"column":51},"end":{"line":272,"column":77}},"skip":true},"12":{"name":"(anonymous_12)","line":315,"loc":{"start":{"line":315,"column":32},"end":{"line":315,"column":61}},"skip":true}},"statementMap":{"1":{"start":{"line":26,"column":0},"end":{"line":326,"column":5}},"2":{"start":{"line":28,"column":4},"end":{"line":28,"column":14}},"3":{"start":{"line":33,"column":4},"end":{"line":60,"column":9}},"4":{"start":{"line":35,"column":8},"end":{"line":35,"column":19}},"5":{"start":{"line":37,"column":8},"end":{"line":49,"column":13}},"6":{"start":{"line":38,"column":12},"end":{"line":48,"column":13}},"7":{"start":{"line":39,"column":16},"end":{"line":42,"column":30}},"8":{"start":{"line":44,"column":16},"end":{"line":47,"column":27}},"9":{"start":{"line":51,"column":8},"end":{"line":53,"column":21}},"10":{"start":{"line":55,"column":8},"end":{"line":57,"column":45}},"11":{"start":{"line":59,"column":8},"end":{"line":59,"column":35}},"12":{"start":{"line":61,"column":4},"end":{"line":325,"column":5}},"13":{"start":{"line":69,"column":8},"end":{"line":121,"column":10},"skip":true},"14":{"start":{"line":70,"column":12},"end":{"line":88,"column":13},"skip":true},"15":{"start":{"line":76,"column":16},"end":{"line":87,"column":19},"skip":true},"16":{"start":{"line":79,"column":20},"end":{"line":86,"column":21},"skip":true},"17":{"start":{"line":82,"column":24},"end":{"line":82,"column":43},"skip":true},"18":{"start":{"line":83,"column":24},"end":{"line":83,"column":30},"skip":true},"19":{"start":{"line":85,"column":24},"end":{"line":85,"column":49},"skip":true},"20":{"start":{"line":89,"column":12},"end":{"line":107,"column":13},"skip":true},"21":{"start":{"line":92,"column":16},"end":{"line":102,"column":17},"skip":true},"22":{"start":{"line":93,"column":20},"end":{"line":93,"column":86},"skip":true},"23":{"start":{"line":94,"column":20},"end":{"line":95,"column":45},"skip":true},"24":{"start":{"line":96,"column":20},"end":{"line":96,"column":42},"skip":true},"25":{"start":{"line":97,"column":20},"end":{"line":97,"column":48},"skip":true},"26":{"start":{"line":100,"column":20},"end":{"line":100,"column":85},"skip":true},"27":{"start":{"line":101,"column":20},"end":{"line":101,"column":96},"skip":true},"28":{"start":{"line":103,"column":16},"end":{"line":103,"column":22},"skip":true},"29":{"start":{"line":106,"column":16},"end":{"line":106,"column":22},"skip":true},"30":{"start":{"line":108,"column":12},"end":{"line":120,"column":13},"skip":true},"31":{"start":{"line":114,"column":16},"end":{"line":119,"column":17},"skip":true},"32":{"start":{"line":116,"column":20},"end":{"line":116,"column":78},"skip":true},"33":{"start":{"line":118,"column":20},"end":{"line":118,"column":47},"skip":true},"34":{"start":{"line":123,"column":8},"end":{"line":141,"column":11},"skip":true},"35":{"start":{"line":124,"column":12},"end":{"line":124,"column":54},"skip":true},"36":{"start":{"line":125,"column":12},"end":{"line":140,"column":14},"skip":true},"37":{"start":{"line":126,"column":16},"end":{"line":126,"column":28},"skip":true},"38":{"start":{"line":127,"column":16},"end":{"line":127,"column":69},"skip":true},"39":{"start":{"line":128,"column":16},"end":{"line":128,"column":75},"skip":true},"40":{"start":{"line":129,"column":16},"end":{"line":131,"column":17},"skip":true},"41":{"start":{"line":130,"column":20},"end":{"line":130,"column":27},"skip":true},"42":{"start":{"line":133,"column":16},"end":{"line":137,"column":36},"skip":true},"43":{"start":{"line":134,"column":20},"end":{"line":136,"column":55},"skip":true},"44":{"start":{"line":139,"column":16},"end":{"line":139,"column":57},"skip":true},"45":{"start":{"line":143,"column":8},"end":{"line":147,"column":11},"skip":true},"46":{"start":{"line":144,"column":12},"end":{"line":146,"column":15},"skip":true},"47":{"start":{"line":145,"column":16},"end":{"line":145,"column":70},"skip":true},"48":{"start":{"line":149,"column":8},"end":{"line":149,"column":31},"skip":true},"49":{"start":{"line":150,"column":8},"end":{"line":150,"column":14},"skip":true},"50":{"start":{"line":158,"column":8},"end":{"line":158,"column":31},"skip":true},"51":{"start":{"line":160,"column":8},"end":{"line":160,"column":33},"skip":true},"52":{"start":{"line":161,"column":8},"end":{"line":161,"column":37},"skip":true},"53":{"start":{"line":162,"column":8},"end":{"line":162,"column":35},"skip":true},"54":{"start":{"line":164,"column":8},"end":{"line":164,"column":50},"skip":true},"55":{"start":{"line":166,"column":8},"end":{"line":256,"column":2},"skip":true},"56":{"start":{"line":258,"column":8},"end":{"line":286,"column":9},"skip":true},"57":{"start":{"line":259,"column":12},"end":{"line":269,"column":14},"skip":true},"58":{"start":{"line":271,"column":12},"end":{"line":285,"column":19},"skip":true},"59":{"start":{"line":274,"column":20},"end":{"line":274,"column":35},"skip":true},"60":{"start":{"line":275,"column":20},"end":{"line":284,"column":21},"skip":true},"61":{"start":{"line":277,"column":24},"end":{"line":277,"column":64},"skip":true},"62":{"start":{"line":279,"column":24},"end":{"line":279,"column":40},"skip":true},"63":{"start":{"line":281,"column":24},"end":{"line":281,"column":40},"skip":true},"64":{"start":{"line":283,"column":24},"end":{"line":283,"column":39},"skip":true},"65":{"start":{"line":288,"column":8},"end":{"line":290,"column":9},"skip":true},"66":{"start":{"line":289,"column":12},"end":{"line":289,"column":18},"skip":true},"67":{"start":{"line":291,"column":8},"end":{"line":293,"column":54},"skip":true},"68":{"start":{"line":296,"column":8},"end":{"line":301,"column":37},"skip":true},"69":{"start":{"line":303,"column":8},"end":{"line":303,"column":82},"skip":true},"70":{"start":{"line":306,"column":8},"end":{"line":308,"column":9},"skip":true},"71":{"start":{"line":307,"column":12},"end":{"line":307,"column":82},"skip":true},"72":{"start":{"line":310,"column":8},"end":{"line":312,"column":9},"skip":true},"73":{"start":{"line":311,"column":12},"end":{"line":311,"column":18},"skip":true},"74":{"start":{"line":313,"column":8},"end":{"line":313,"column":54},"skip":true},"75":{"start":{"line":314,"column":8},"end":{"line":314,"column":69},"skip":true},"76":{"start":{"line":315,"column":8},"end":{"line":323,"column":36},"skip":true},"77":{"start":{"line":316,"column":12},"end":{"line":316,"column":61},"skip":true},"78":{"start":{"line":317,"column":12},"end":{"line":320,"column":13},"skip":true},"79":{"start":{"line":318,"column":16},"end":{"line":318,"column":75},"skip":true},"80":{"start":{"line":319,"column":16},"end":{"line":319,"column":23},"skip":true},"81":{"start":{"line":321,"column":12},"end":{"line":321,"column":38},"skip":true},"82":{"start":{"line":322,"column":12},"end":{"line":322,"column":27},"skip":true},"83":{"start":{"line":324,"column":8},"end":{"line":324,"column":14},"skip":true}},"branchMap":{"1":{"line":39,"type":"binary-expr","locations":[{"start":{"line":39,"column":23},"end":{"line":39,"column":62}},{"start":{"line":40,"column":20},"end":{"line":40,"column":70}},{"start":{"line":41,"column":20},"end":{"line":41,"column":71}},{"start":{"line":42,"column":20},"end":{"line":42,"column":29}}]},"2":{"line":44,"type":"binary-expr","locations":[{"start":{"line":44,"column":23},"end":{"line":44,"column":37}},{"start":{"line":45,"column":20},"end":{"line":45,"column":61}},{"start":{"line":46,"column":20},"end":{"line":46,"column":70}},{"start":{"line":47,"column":20},"end":{"line":47,"column":26}}]},"3":{"line":51,"type":"cond-expr","locations":[{"start":{"line":52,"column":14},"end":{"line":52,"column":20}},{"start":{"line":53,"column":14},"end":{"line":53,"column":20}}]},"4":{"line":55,"type":"binary-expr","locations":[{"start":{"line":55,"column":16},"end":{"line":55,"column":44}},{"start":{"line":55,"column":49},"end":{"line":57,"column":43}}]},"5":{"line":55,"type":"cond-expr","locations":[{"start":{"line":56,"column":14},"end":{"line":56,"column":48}},{"start":{"line":57,"column":14},"end":{"line":57,"column":43}}]},"6":{"line":61,"type":"switch","locations":[{"start":{"line":68,"column":4},"end":{"line":150,"column":14},"skip":true},{"start":{"line":156,"column":4},"end":{"line":324,"column":14},"skip":true}]},"7":{"line":70,"type":"if","locations":[{"start":{"line":70,"column":12},"end":{"line":70,"column":12},"skip":true},{"start":{"line":70,"column":12},"end":{"line":70,"column":12},"skip":true}]},"8":{"line":70,"type":"binary-expr","locations":[{"start":{"line":70,"column":16},"end":{"line":70,"column":22},"skip":true},{"start":{"line":70,"column":27},"end":{"line":70,"column":32},"skip":true},{"start":{"line":71,"column":20},"end":{"line":71,"column":39},"skip":true},{"start":{"line":72,"column":20},"end":{"line":72,"column":49},"skip":true},{"start":{"line":73,"column":20},"end":{"line":73,"column":58},"skip":true},{"start":{"line":74,"column":20},"end":{"line":74,"column":69},"skip":true}]},"9":{"line":79,"type":"switch","locations":[{"start":{"line":80,"column":20},"end":{"line":80,"column":33},"skip":true},{"start":{"line":81,"column":20},"end":{"line":83,"column":30},"skip":true},{"start":{"line":84,"column":20},"end":{"line":85,"column":49},"skip":true}]},"10":{"line":89,"type":"switch","locations":[{"start":{"line":90,"column":12},"end":{"line":103,"column":22},"skip":true},{"start":{"line":105,"column":12},"end":{"line":106,"column":22},"skip":true}]},"11":{"line":89,"type":"binary-expr","locations":[{"start":{"line":89,"column":20},"end":{"line":89,"column":25},"skip":true},{"start":{"line":89,"column":29},"end":{"line":89,"column":48},"skip":true},{"start":{"line":89,"column":52},"end":{"line":89,"column":74},"skip":true}]},"12":{"line":92,"type":"if","locations":[{"start":{"line":92,"column":16},"end":{"line":92,"column":16},"skip":true},{"start":{"line":92,"column":16},"end":{"line":92,"column":16},"skip":true}]},"13":{"line":108,"type":"if","locations":[{"start":{"line":108,"column":12},"end":{"line":108,"column":12},"skip":true},{"start":{"line":108,"column":12},"end":{"line":108,"column":12},"skip":true}]},"14":{"line":108,"type":"binary-expr","locations":[{"start":{"line":108,"column":16},"end":{"line":108,"column":61},"skip":true},{"start":{"line":108,"column":66},"end":{"line":108,"column":72},"skip":true},{"start":{"line":108,"column":77},"end":{"line":108,"column":82},"skip":true},{"start":{"line":109,"column":20},"end":{"line":109,"column":39},"skip":true},{"start":{"line":110,"column":20},"end":{"line":110,"column":49},"skip":true},{"start":{"line":111,"column":20},"end":{"line":111,"column":58},"skip":true},{"start":{"line":112,"column":20},"end":{"line":112,"column":68},"skip":true}]},"15":{"line":129,"type":"if","locations":[{"start":{"line":129,"column":16},"end":{"line":129,"column":16},"skip":true},{"start":{"line":129,"column":16},"end":{"line":129,"column":16},"skip":true}]},"16":{"line":134,"type":"cond-expr","locations":[{"start":{"line":135,"column":26},"end":{"line":135,"column":29},"skip":true},{"start":{"line":136,"column":26},"end":{"line":136,"column":54},"skip":true}]},"17":{"line":164,"type":"binary-expr","locations":[{"start":{"line":164,"column":27},"end":{"line":164,"column":43},"skip":true},{"start":{"line":164,"column":47},"end":{"line":164,"column":49},"skip":true}]},"18":{"line":258,"type":"if","locations":[{"start":{"line":258,"column":8},"end":{"line":258,"column":8},"skip":true},{"start":{"line":258,"column":8},"end":{"line":258,"column":8},"skip":true}]},"19":{"line":275,"type":"switch","locations":[{"start":{"line":276,"column":20},"end":{"line":277,"column":64},"skip":true},{"start":{"line":278,"column":20},"end":{"line":279,"column":40},"skip":true},{"start":{"line":280,"column":20},"end":{"line":281,"column":40},"skip":true},{"start":{"line":282,"column":20},"end":{"line":283,"column":39},"skip":true}]},"20":{"line":288,"type":"if","locations":[{"start":{"line":288,"column":8},"end":{"line":288,"column":8},"skip":true},{"start":{"line":288,"column":8},"end":{"line":288,"column":8},"skip":true}]},"21":{"line":288,"type":"binary-expr","locations":[{"start":{"line":288,"column":12},"end":{"line":288,"column":40},"skip":true},{"start":{"line":288,"column":44},"end":{"line":288,"column":67},"skip":true}]},"22":{"line":292,"type":"binary-expr","locations":[{"start":{"line":292,"column":12},"end":{"line":292,"column":50},"skip":true},{"start":{"line":293,"column":12},"end":{"line":293,"column":53},"skip":true}]},"23":{"line":297,"type":"binary-expr","locations":[{"start":{"line":297,"column":12},"end":{"line":297,"column":62},"skip":true},{"start":{"line":298,"column":12},"end":{"line":301,"column":36},"skip":true}]},"24":{"line":303,"type":"binary-expr","locations":[{"start":{"line":303,"column":43},"end":{"line":303,"column":75},"skip":true},{"start":{"line":303,"column":79},"end":{"line":303,"column":81},"skip":true}]},"25":{"line":306,"type":"if","locations":[{"start":{"line":306,"column":8},"end":{"line":306,"column":8},"skip":true},{"start":{"line":306,"column":8},"end":{"line":306,"column":8},"skip":true}]},"26":{"line":310,"type":"if","locations":[{"start":{"line":310,"column":8},"end":{"line":310,"column":8},"skip":true},{"start":{"line":310,"column":8},"end":{"line":310,"column":8},"skip":true}]},"27":{"line":313,"type":"binary-expr","locations":[{"start":{"line":313,"column":27},"end":{"line":313,"column":43},"skip":true},{"start":{"line":313,"column":47},"end":{"line":313,"column":53},"skip":true}]},"28":{"line":317,"type":"if","locations":[{"start":{"line":317,"column":12},"end":{"line":317,"column":12},"skip":true},{"start":{"line":317,"column":12},"end":{"line":317,"column":12},"skip":true}]}},"code":["/*","example.js","","quickstart example","","instruction","    1. save this script as example.js","    2. run the shell command:","        $ npm install npmtest-quik && PORT=8081 node example.js","    3. play with the browser-demo on http://127.0.0.1:8081","*/","","","","/* istanbul instrument in package npmtest_quik */","/*jslint","    bitwise: true,","    browser: true,","    maxerr: 8,","    maxlen: 96,","    node: true,","    nomen: true,","    regexp: true,","    stupid: true","*/","(function () {","    'use strict';","    var local;","","","","    // run shared js-env code - pre-init","    (function () {","        // init local","        local = {};","        // init modeJs","        local.modeJs = (function () {","            try {","                return typeof navigator.userAgent === 'string' &&","                    typeof document.querySelector('body') === 'object' &&","                    typeof XMLHttpRequest.prototype.open === 'function' &&","                    'browser';","            } catch (errorCaughtBrowser) {","                return module.exports &&","                    typeof process.versions.node === 'string' &&","                    typeof require('http').createServer === 'function' &&","                    'node';","            }","        }());","        // init global","        local.global = local.modeJs === 'browser'","            ? window","            : global;","        // init utility2_rollup","        local = local.global.utility2_rollup || (local.modeJs === 'browser'","            ? local.global.utility2_npmtest_quik","            : global.utility2_moduleExports);","        // export local","        local.global.local = local;","    }());","    switch (local.modeJs) {","","","","    // post-init","    // run browser js-env code - post-init","    /* istanbul ignore next */","    case 'browser':","        local.testRunBrowser = function (event) {","            if (!event || (event &&","                    event.currentTarget &&","                    event.currentTarget.className &&","                    event.currentTarget.className.includes &&","                    event.currentTarget.className.includes('onreset'))) {","                // reset output","                Array.from(","                    document.querySelectorAll('body > .resettable')","                ).forEach(function (element) {","                    switch (element.tagName) {","                    case 'INPUT':","                    case 'TEXTAREA':","                        element.value = '';","                        break;","                    default:","                        element.textContent = '';","                    }","                });","            }","            switch (event && event.currentTarget && event.currentTarget.id) {","            case 'testRunButton1':","                // show tests","                if (document.querySelector('#testReportDiv1').style.display === 'none') {","                    document.querySelector('#testReportDiv1').style.display = 'block';","                    document.querySelector('#testRunButton1').textContent =","                        'hide internal test';","                    local.modeTest = true;","                    local.testRunDefault(local);","                // hide tests","                } else {","                    document.querySelector('#testReportDiv1').style.display = 'none';","                    document.querySelector('#testRunButton1').textContent = 'run internal test';","                }","                break;","            // custom-case","            default:","                break;","            }","            if (document.querySelector('#inputTextareaEval1') && (!event || (event &&","                    event.currentTarget &&","                    event.currentTarget.className &&","                    event.currentTarget.className.includes &&","                    event.currentTarget.className.includes('oneval')))) {","                // try to eval input-code","                try {","                    /*jslint evil: true*/","                    eval(document.querySelector('#inputTextareaEval1').value);","                } catch (errorCaught) {","                    console.error(errorCaught);","                }","            }","        };","        // log stderr and stdout to #outputTextareaStdout1","        ['error', 'log'].forEach(function (key) {","            console[key + '_original'] = console[key];","            console[key] = function () {","                var element;","                console[key + '_original'].apply(console, arguments);","                element = document.querySelector('#outputTextareaStdout1');","                if (!element) {","                    return;","                }","                // append text to #outputTextareaStdout1","                element.value += Array.from(arguments).map(function (arg) {","                    return typeof arg === 'string'","                        ? arg","                        : JSON.stringify(arg, null, 4);","                }).join(' ') + '\\n';","                // scroll textarea to bottom","                element.scrollTop = element.scrollHeight;","            };","        });","        // init event-handling","        ['change', 'click', 'keyup'].forEach(function (event) {","            Array.from(document.querySelectorAll('.on' + event)).forEach(function (element) {","                element.addEventListener(event, local.testRunBrowser);","            });","        });","        // run tests","        local.testRunBrowser();","        break;","","","","    // run node js-env code - post-init","    /* istanbul ignore next */","    case 'node':","        // export local","        module.exports = local;","        // require modules","        local.fs = require('fs');","        local.http = require('http');","        local.url = require('url');","        // init assets","        local.assetsDict = local.assetsDict || {};","        /* jslint-ignore-begin */","        local.assetsDict['/assets.index.template.html'] = '\\","<!doctype html>\\n\\","<html lang=\"en\">\\n\\","<head>\\n\\","<meta charset=\"UTF-8\">\\n\\","<meta name=\"viewport\" content=\"width=device-width, initial-scale=1\">\\n\\","<title>{{env.npm_package_name}} (v{{env.npm_package_version}})</title>\\n\\","<style>\\n\\","/*csslint\\n\\","    box-sizing: false,\\n\\","    universal-selector: false\\n\\","*/\\n\\","* {\\n\\","    box-sizing: border-box;\\n\\","}\\n\\","body {\\n\\","    background: #dde;\\n\\","    font-family: Arial, Helvetica, sans-serif;\\n\\","    margin: 2rem;\\n\\","}\\n\\","body > * {\\n\\","    margin-bottom: 1rem;\\n\\","}\\n\\",".utility2FooterDiv {\\n\\","    margin-top: 20px;\\n\\","    text-align: center;\\n\\","}\\n\\","</style>\\n\\","<style>\\n\\","/*csslint\\n\\","*/\\n\\","textarea {\\n\\","    font-family: monospace;\\n\\","    height: 10rem;\\n\\","    width: 100%;\\n\\","}\\n\\","textarea[readonly] {\\n\\","    background: #ddd;\\n\\","}\\n\\","</style>\\n\\","</head>\\n\\","<body>\\n\\","<!-- utility2-comment\\n\\","<div id=\"ajaxProgressDiv1\" style=\"background: #d00; height: 2px; left: 0; margin: 0; padding: 0; position: fixed; top: 0; transition: background 0.5s, width 1.5s; width: 25%;\"></div>\\n\\","utility2-comment -->\\n\\","<h1>\\n\\","<!-- utility2-comment\\n\\","    <a\\n\\","        {{#if env.npm_package_homepage}}\\n\\","        href=\"{{env.npm_package_homepage}}\"\\n\\","        {{/if env.npm_package_homepage}}\\n\\","        target=\"_blank\"\\n\\","    >\\n\\","utility2-comment -->\\n\\","        {{env.npm_package_name}} (v{{env.npm_package_version}})\\n\\","<!-- utility2-comment\\n\\","    </a>\\n\\","utility2-comment -->\\n\\","</h1>\\n\\","<h3>{{env.npm_package_description}}</h3>\\n\\","<!-- utility2-comment\\n\\","<h4><a download href=\"assets.app.js\">download standalone app</a></h4>\\n\\","<button class=\"onclick onreset\" id=\"testRunButton1\">run internal test</button><br>\\n\\","<div id=\"testReportDiv1\" style=\"display: none;\"></div>\\n\\","utility2-comment -->\\n\\","\\n\\","\\n\\","\\n\\","<label>stderr and stdout</label>\\n\\","<textarea class=\"resettable\" id=\"outputTextareaStdout1\" readonly></textarea>\\n\\","<!-- utility2-comment\\n\\","{{#if isRollup}}\\n\\","<script src=\"assets.app.js\"></script>\\n\\","{{#unless isRollup}}\\n\\","utility2-comment -->\\n\\","<script src=\"assets.utility2.rollup.js\"></script>\\n\\","<script src=\"jsonp.utility2._stateInit?callback=window.utility2._stateInit\"></script>\\n\\","<script src=\"assets.npmtest_quik.rollup.js\"></script>\\n\\","<script src=\"assets.example.js\"></script>\\n\\","<script src=\"assets.test.js\"></script>\\n\\","<!-- utility2-comment\\n\\","{{/if isRollup}}\\n\\","utility2-comment -->\\n\\","<div class=\"utility2FooterDiv\">\\n\\","    [ this app was created with\\n\\","    <a href=\"https://github.com/kaizhu256/node-utility2\" target=\"_blank\">utility2</a>\\n\\","    ]\\n\\","</div>\\n\\","</body>\\n\\","</html>\\n\\","';","        /* jslint-ignore-end */","        if (local.templateRender) {","            local.assetsDict['/'] = local.templateRender(","                local.assetsDict['/assets.index.template.html'],","                {","                    env: local.objectSetDefault(local.env, {","                        npm_package_description: 'the greatest app in the world!',","                        npm_package_name: 'my-app',","                        npm_package_nameAlias: 'my_app',","                        npm_package_version: '0.0.1'","                    })","                }","            );","        } else {","            local.assetsDict['/'] = local.assetsDict['/assets.index.template.html']","                .replace((/\\{\\{env\\.(\\w+?)\\}\\}/g), function (match0, match1) {","                    // jslint-hack","                    String(match0);","                    switch (match1) {","                    case 'npm_package_description':","                        return 'the greatest app in the world!';","                    case 'npm_package_name':","                        return 'my-app';","                    case 'npm_package_nameAlias':","                        return 'my_app';","                    case 'npm_package_version':","                        return '0.0.1';","                    }","                });","        }","        // run the cli","        if (local.global.utility2_rollup || module !== require.main) {","            break;","        }","        local.assetsDict['/assets.example.js'] =","            local.assetsDict['/assets.example.js'] ||","            local.fs.readFileSync(__filename, 'utf8');","        // bug-workaround - long $npm_package_buildCustomOrg","        /* jslint-ignore-begin */","        local.assetsDict['/assets.npmtest_quik.rollup.js'] =","            local.assetsDict['/assets.npmtest_quik.rollup.js'] ||","            local.fs.readFileSync(","                local.npmtest_quik.__dirname + '/lib.npmtest_quik.js',","                'utf8'","            ).replace((/^#!/), '//');","        /* jslint-ignore-end */","        local.assetsDict['/favicon.ico'] = local.assetsDict['/favicon.ico'] || '';","        // if $npm_config_timeout_exit exists,","        // then exit this process after $npm_config_timeout_exit ms","        if (Number(process.env.npm_config_timeout_exit)) {","            setTimeout(process.exit, Number(process.env.npm_config_timeout_exit));","        }","        // start server","        if (local.global.utility2_serverHttp1) {","            break;","        }","        process.env.PORT = process.env.PORT || '8081';","        console.error('server starting on port ' + process.env.PORT);","        local.http.createServer(function (request, response) {","            request.urlParsed = local.url.parse(request.url);","            if (local.assetsDict[request.urlParsed.pathname] !== undefined) {","                response.end(local.assetsDict[request.urlParsed.pathname]);","                return;","            }","            response.statusCode = 404;","            response.end();","        }).listen(process.env.PORT);","        break;","    }","}());",""],"l":{"26":2,"28":2,"33":2,"35":2,"37":2,"38":2,"39":2,"44":1,"51":2,"55":2,"59":2,"61":2,"69":1,"70":2,"76":2,"79":2,"82":2,"83":2,"85":1,"89":2,"92":1,"93":1,"94":1,"96":1,"97":1,"100":1,"101":1,"103":1,"106":1,"108":2,"114":1,"116":1,"118":1,"123":1,"124":2,"125":2,"126":3,"127":3,"128":3,"129":3,"130":1,"133":3,"134":3,"139":3,"143":1,"144":3,"145":1,"149":1,"150":1,"158":1,"160":1,"161":1,"162":1,"164":1,"166":1,"258":1,"259":1,"271":1,"274":6,"275":6,"277":1,"279":2,"281":1,"283":2,"288":1,"289":1,"291":1,"296":1,"303":1,"306":1,"307":1,"310":1,"311":1,"313":1,"314":1,"315":1,"316":1,"317":1,"318":1,"319":1,"321":1,"322":1,"324":1}},"/home/travis/build/npmtest/node-npmtest-quik/node_modules/quik/dist/index.js":{"path":"/home/travis/build/npmtest/node-npmtest-quik/node_modules/quik/dist/index.js","s":{"1":1,"2":1,"3":1,"4":2,"5":1,"6":1,"7":2,"8":1,"9":1,"10":2,"11":1,"12":1,"13":3,"14":1,"15":9},"b":{"1":[9,0],"2":[9,9]},"f":{"1":2,"2":2,"3":2,"4":3,"5":9},"fnMap":{"1":{"name":"get","line":11,"loc":{"start":{"line":11,"column":7},"end":{"line":11,"column":22}}},"2":{"name":"get","line":20,"loc":{"start":{"line":20,"column":7},"end":{"line":20,"column":22}}},"3":{"name":"get","line":29,"loc":{"start":{"line":29,"column":7},"end":{"line":29,"column":22}}},"4":{"name":"get","line":38,"loc":{"start":{"line":38,"column":7},"end":{"line":38,"column":22}}},"5":{"name":"_interopRequireDefault","line":43,"loc":{"start":{"line":43,"column":0},"end":{"line":43,"column":37}}}},"statementMap":{"1":{"start":{"line":3,"column":0},"end":{"line":5,"column":3}},"2":{"start":{"line":7,"column":0},"end":{"line":7,"column":30}},"3":{"start":{"line":9,"column":0},"end":{"line":14,"column":3}},"4":{"start":{"line":12,"column":4},"end":{"line":12,"column":49}},"5":{"start":{"line":16,"column":0},"end":{"line":16,"column":36}},"6":{"start":{"line":18,"column":0},"end":{"line":23,"column":3}},"7":{"start":{"line":21,"column":4},"end":{"line":21,"column":52}},"8":{"start":{"line":25,"column":0},"end":{"line":25,"column":30}},"9":{"start":{"line":27,"column":0},"end":{"line":32,"column":3}},"10":{"start":{"line":30,"column":4},"end":{"line":30,"column":49}},"11":{"start":{"line":34,"column":0},"end":{"line":34,"column":34}},"12":{"start":{"line":36,"column":0},"end":{"line":41,"column":3}},"13":{"start":{"line":39,"column":4},"end":{"line":39,"column":51}},"14":{"start":{"line":43,"column":0},"end":{"line":43,"column":95}},"15":{"start":{"line":43,"column":39},"end":{"line":43,"column":93}}},"branchMap":{"1":{"line":43,"type":"cond-expr","locations":[{"start":{"line":43,"column":70},"end":{"line":43,"column":73}},{"start":{"line":43,"column":76},"end":{"line":43,"column":92}}]},"2":{"line":43,"type":"binary-expr","locations":[{"start":{"line":43,"column":46},"end":{"line":43,"column":49}},{"start":{"line":43,"column":53},"end":{"line":43,"column":67}}]}},"code":["'use strict';","","Object.defineProperty(exports, \"__esModule\", {","  value: true","});","","var _init = require('./init');","","Object.defineProperty(exports, 'init', {","  enumerable: true,","  get: function get() {","    return _interopRequireDefault(_init).default;","  }","});","","var _bundler = require('./bundler');","","Object.defineProperty(exports, 'bundle', {","  enumerable: true,","  get: function get() {","    return _interopRequireDefault(_bundler).default;","  }","});","","var _html = require('./html');","","Object.defineProperty(exports, 'html', {","  enumerable: true,","  get: function get() {","    return _interopRequireDefault(_html).default;","  }","});","","var _server = require('./server');","","Object.defineProperty(exports, 'server', {","  enumerable: true,","  get: function get() {","    return _interopRequireDefault(_server).default;","  }","});","","function _interopRequireDefault(obj) { return obj && obj.__esModule ? obj : { default: obj }; }","//# sourceMappingURL=index.js.map"],"l":{"3":1,"7":1,"9":1,"12":2,"16":1,"18":1,"21":2,"25":1,"27":1,"30":2,"34":1,"36":1,"39":3,"43":9}},"/home/travis/build/npmtest/node-npmtest-quik/node_modules/quik/dist/init.js":{"path":"/home/travis/build/npmtest/node-npmtest-quik/node_modules/quik/dist/init.js","s":{"1":1,"2":1,"3":1,"4":1,"5":1,"6":1,"7":1,"8":1,"9":1,"10":1,"11":1,"12":1,"13":1,"14":1,"15":1,"16":1,"17":1,"18":1,"19":1,"20":8,"21":1,"22":1,"23":0,"24":0,"25":0,"26":0,"27":0,"28":0,"29":0,"30":0,"31":0,"32":0,"33":0,"34":0,"35":0,"36":0,"37":0,"38":0,"39":0,"40":0,"41":0,"42":0,"43":0,"44":0,"45":0,"46":0,"47":0,"48":0,"49":0,"50":0,"51":0,"52":0,"53":0,"54":0,"55":0,"56":0,"57":0,"58":0,"59":1,"60":0},"b":{"1":[2,6],"2":[8,8],"3":[0,0,0,0,0],"4":[0,0],"5":[0,0],"6":[0,0],"7":[0,0],"8":[0,0],"9":[0,0]},"f":{"1":8,"2":1,"3":0,"4":0,"5":0,"6":0,"7":0,"8":0},"fnMap":{"1":{"name":"_interopRequireDefault","line":41,"loc":{"start":{"line":41,"column":0},"end":{"line":41,"column":37}}},"2":{"name":"(anonymous_2)","line":43,"loc":{"start":{"line":43,"column":18},"end":{"line":43,"column":30}}},"3":{"name":"_callee","line":44,"loc":{"start":{"line":44,"column":72},"end":{"line":44,"column":98}}},"4":{"name":"_callee$","line":46,"loc":{"start":{"line":46,"column":38},"end":{"line":46,"column":66}}},"5":{"name":"(anonymous_5)","line":72,"loc":{"start":{"line":72,"column":41},"end":{"line":72,"column":68}}},"6":{"name":"(anonymous_6)","line":73,"loc":{"start":{"line":73,"column":85},"end":{"line":73,"column":100}}},"7":{"name":"(anonymous_7)","line":79,"loc":{"start":{"line":79,"column":53},"end":{"line":79,"column":78}}},"8":{"name":"(anonymous_8)","line":118,"loc":{"start":{"line":118,"column":9},"end":{"line":118,"column":23}}}},"statementMap":{"1":{"start":{"line":3,"column":0},"end":{"line":5,"column":3}},"2":{"start":{"line":7,"column":0},"end":{"line":7,"column":56}},"3":{"start":{"line":9,"column":0},"end":{"line":9,"column":57}},"4":{"start":{"line":11,"column":0},"end":{"line":11,"column":56}},"5":{"start":{"line":13,"column":0},"end":{"line":13,"column":49}},"6":{"start":{"line":15,"column":0},"end":{"line":15,"column":75}},"7":{"start":{"line":17,"column":0},"end":{"line":17,"column":68}},"8":{"start":{"line":19,"column":0},"end":{"line":19,"column":46}},"9":{"start":{"line":21,"column":0},"end":{"line":21,"column":28}},"10":{"start":{"line":23,"column":0},"end":{"line":23,"column":43}},"11":{"start":{"line":25,"column":0},"end":{"line":25,"column":24}},"12":{"start":{"line":27,"column":0},"end":{"line":27,"column":39}},"13":{"start":{"line":29,"column":0},"end":{"line":29,"column":26}},"14":{"start":{"line":31,"column":0},"end":{"line":31,"column":41}},"15":{"start":{"line":33,"column":0},"end":{"line":33,"column":47}},"16":{"start":{"line":35,"column":0},"end":{"line":35,"column":61}},"17":{"start":{"line":37,"column":0},"end":{"line":37,"column":30}},"18":{"start":{"line":39,"column":0},"end":{"line":39,"column":45}},"19":{"start":{"line":41,"column":0},"end":{"line":41,"column":95}},"20":{"start":{"line":41,"column":39},"end":{"line":41,"column":93}},"21":{"start":{"line":43,"column":0},"end":{"line":121,"column":4}},"22":{"start":{"line":44,"column":2},"end":{"line":116,"column":6}},"23":{"start":{"line":45,"column":4},"end":{"line":45,"column":12}},"24":{"start":{"line":46,"column":4},"end":{"line":115,"column":22}},"25":{"start":{"line":47,"column":6},"end":{"line":114,"column":7}},"26":{"start":{"line":48,"column":8},"end":{"line":113,"column":9}},"27":{"start":{"line":50,"column":12},"end":{"line":53,"column":13}},"28":{"start":{"line":51,"column":14},"end":{"line":51,"column":32}},"29":{"start":{"line":52,"column":14},"end":{"line":52,"column":20}},"30":{"start":{"line":55,"column":12},"end":{"line":55,"column":70}},"31":{"start":{"line":58,"column":12},"end":{"line":58,"column":66}},"32":{"start":{"line":60,"column":12},"end":{"line":63,"column":13}},"33":{"start":{"line":61,"column":14},"end":{"line":61,"column":32}},"34":{"start":{"line":62,"column":14},"end":{"line":62,"column":20}},"35":{"start":{"line":65,"column":12},"end":{"line":65,"column":86}},"36":{"start":{"line":69,"column":12},"end":{"line":69,"column":54}},"37":{"start":{"line":71,"column":12},"end":{"line":71,"column":30}},"38":{"start":{"line":72,"column":12},"end":{"line":108,"column":15}},"39":{"start":{"line":73,"column":14},"end":{"line":107,"column":17}},"40":{"start":{"line":74,"column":16},"end":{"line":77,"column":17}},"41":{"start":{"line":75,"column":18},"end":{"line":75,"column":30}},"42":{"start":{"line":76,"column":18},"end":{"line":76,"column":25}},"43":{"start":{"line":79,"column":16},"end":{"line":106,"column":19}},"44":{"start":{"line":80,"column":18},"end":{"line":83,"column":19}},"45":{"start":{"line":81,"column":20},"end":{"line":81,"column":34}},"46":{"start":{"line":82,"column":20},"end":{"line":82,"column":27}},"47":{"start":{"line":85,"column":18},"end":{"line":105,"column":19}},"48":{"start":{"line":86,"column":20},"end":{"line":86,"column":139}},"49":{"start":{"line":88,"column":20},"end":{"line":92,"column":21}},"50":{"start":{"line":89,"column":22},"end":{"line":89,"column":93}},"51":{"start":{"line":91,"column":22},"end":{"line":91,"column":99}},"52":{"start":{"line":94,"column":20},"end":{"line":94,"column":112}},"53":{"start":{"line":96,"column":20},"end":{"line":100,"column":21}},"54":{"start":{"line":97,"column":22},"end":{"line":97,"column":88}},"55":{"start":{"line":99,"column":22},"end":{"line":99,"column":88}},"56":{"start":{"line":102,"column":20},"end":{"line":102,"column":30}},"57":{"start":{"line":104,"column":20},"end":{"line":104,"column":30}},"58":{"start":{"line":112,"column":12},"end":{"line":112,"column":35}},"59":{"start":{"line":118,"column":2},"end":{"line":120,"column":4}},"60":{"start":{"line":119,"column":4},"end":{"line":119,"column":39}}},"branchMap":{"1":{"line":41,"type":"cond-expr","locations":[{"start":{"line":41,"column":70},"end":{"line":41,"column":73}},{"start":{"line":41,"column":76},"end":{"line":41,"column":92}}]},"2":{"line":41,"type":"binary-expr","locations":[{"start":{"line":41,"column":46},"end":{"line":41,"column":49}},{"start":{"line":41,"column":53},"end":{"line":41,"column":67}}]},"3":{"line":48,"type":"switch","locations":[{"start":{"line":49,"column":10},"end":{"line":55,"column":70}},{"start":{"line":57,"column":10},"end":{"line":65,"column":86}},{"start":{"line":67,"column":10},"end":{"line":108,"column":15}},{"start":{"line":110,"column":10},"end":{"line":110,"column":17}},{"start":{"line":111,"column":10},"end":{"line":112,"column":35}}]},"4":{"line":50,"type":"if","locations":[{"start":{"line":50,"column":12},"end":{"line":50,"column":12}},{"start":{"line":50,"column":12},"end":{"line":50,"column":12}}]},"5":{"line":60,"type":"if","locations":[{"start":{"line":60,"column":12},"end":{"line":60,"column":12}},{"start":{"line":60,"column":12},"end":{"line":60,"column":12}}]},"6":{"line":74,"type":"if","locations":[{"start":{"line":74,"column":16},"end":{"line":74,"column":16}},{"start":{"line":74,"column":16},"end":{"line":74,"column":16}}]},"7":{"line":80,"type":"if","locations":[{"start":{"line":80,"column":18},"end":{"line":80,"column":18}},{"start":{"line":80,"column":18},"end":{"line":80,"column":18}}]},"8":{"line":88,"type":"if","locations":[{"start":{"line":88,"column":20},"end":{"line":88,"column":20}},{"start":{"line":88,"column":20},"end":{"line":88,"column":20}}]},"9":{"line":96,"type":"if","locations":[{"start":{"line":96,"column":20},"end":{"line":96,"column":20}},{"start":{"line":96,"column":20},"end":{"line":96,"column":20}}]}},"code":["'use strict';","","Object.defineProperty(exports, \"__esModule\", {","  value: true","});","","var _regenerator = require('babel-runtime/regenerator');","","var _regenerator2 = _interopRequireDefault(_regenerator);","","var _promise = require('babel-runtime/core-js/promise');","","var _promise2 = _interopRequireDefault(_promise);","","var _asyncToGenerator2 = require('babel-runtime/helpers/asyncToGenerator');","","var _asyncToGenerator3 = _interopRequireDefault(_asyncToGenerator2);","","var _child_process = require('child_process');","","var _path = require('path');","","var _path2 = _interopRequireDefault(_path);","","var _fs = require('fs');","","var _fs2 = _interopRequireDefault(_fs);","","var _ncp = require('ncp');","","var _ncp2 = _interopRequireDefault(_ncp);","","var _commandExists = require('command-exists');","","var _commandExists2 = _interopRequireDefault(_commandExists);","","var _chalk = require('chalk');","","var _chalk2 = _interopRequireDefault(_chalk);","","function _interopRequireDefault(obj) { return obj && obj.__esModule ? obj : { default: obj }; }","","exports.default = function () {","  var _ref = (0, _asyncToGenerator3.default)(_regenerator2.default.mark(function _callee(options) {","    var dir;","    return _regenerator2.default.wrap(function _callee$(_context) {","      while (1) {","        switch (_context.prev = _context.next) {","          case 0:","            if (!(typeof options.name !== 'string')) {","              _context.next = 2;","              break;","            }","","            throw new Error('Please specify a name for the project!');","","          case 2:","            dir = _path2.default.join(options.root, options.name);","","            if (!_fs2.default.existsSync(dir)) {","              _context.next = 5;","              break;","            }","","            throw new Error('A folder named \\'' + options.name + '\\' already exits!');","","          case 5:","","            console.log('📃  Copying template files');","","            _context.next = 8;","            return new _promise2.default(function (resolve, reject) {","              _ncp2.default.ncp(_path2.default.join(__dirname, '../template/'), dir, function (err) {","                if (err) {","                  reject(err);","                  return;","                }","","                (0, _commandExists2.default)('yarn', function (error, status) {","                  if (error) {","                    reject(error);","                    return;","                  }","","                  try {","                    console.log('\\uD83C\\uDF6D  Installing ' + _chalk2.default.bold('react') + ' and ' + _chalk2.default.bold('react-dom'));","","                    if (status) {","                      (0, _child_process.execSync)('yarn add react react-dom', { cwd: dir });","                    } else {","                      (0, _child_process.execSync)('npm install -S react react-dom', { cwd: dir });","                    }","","                    console.log('\\uD83D\\uDC8E  Adding ' + _chalk2.default.bold('quik') + ' as a devDependency');","","                    if (status) {","                      (0, _child_process.execSync)('yarn add --dev quik', { cwd: dir });","                    } else {","                      (0, _child_process.execSync)('npm install -D quik', { cwd: dir });","                    }","","                    resolve();","                  } catch (e) {","                    reject(e);","                  }","                });","              });","            });","","          case 8:","          case 'end':","            return _context.stop();","        }","      }","    }, _callee, this);","  }));","","  return function (_x) {","    return _ref.apply(this, arguments);","  };","}();","//# sourceMappingURL=init.js.map"],"l":{"3":1,"7":1,"9":1,"11":1,"13":1,"15":1,"17":1,"19":1,"21":1,"23":1,"25":1,"27":1,"29":1,"31":1,"33":1,"35":1,"37":1,"39":1,"41":8,"43":1,"44":1,"45":0,"46":0,"47":0,"48":0,"50":0,"51":0,"52":0,"55":0,"58":0,"60":0,"61":0,"62":0,"65":0,"69":0,"71":0,"72":0,"73":0,"74":0,"75":0,"76":0,"79":0,"80":0,"81":0,"82":0,"85":0,"86":0,"88":0,"89":0,"91":0,"94":0,"96":0,"97":0,"99":0,"102":0,"104":0,"112":0,"118":1,"119":0}},"/home/travis/build/npmtest/node-npmtest-quik/node_modules/quik/dist/bundler.js":{"path":"/home/travis/build/npmtest/node-npmtest-quik/node_modules/quik/dist/bundler.js","s":{"1":1,"2":1,"3":1,"4":1,"5":1,"6":1,"7":1,"8":1,"9":1,"10":1,"11":1,"12":1,"13":5,"14":1,"15":1,"16":0,"17":0,"18":0,"19":0,"20":0,"21":0,"22":0,"23":0,"24":0,"25":0,"26":0,"27":0,"28":0,"29":0,"30":0,"31":0,"32":0,"33":0,"34":0,"35":1,"36":0},"b":{"1":[4,1],"2":[5,5],"3":[0,0,0,0,0,0],"4":[0,0],"5":[0,0],"6":[0,0]},"f":{"1":5,"2":1,"3":0,"4":0,"5":0},"fnMap":{"1":{"name":"_interopRequireDefault","line":27,"loc":{"start":{"line":27,"column":0},"end":{"line":27,"column":37}}},"2":{"name":"(anonymous_2)","line":29,"loc":{"start":{"line":29,"column":18},"end":{"line":29,"column":30}}},"3":{"name":"_callee","line":30,"loc":{"start":{"line":30,"column":72},"end":{"line":30,"column":98}}},"4":{"name":"_callee$","line":32,"loc":{"start":{"line":32,"column":38},"end":{"line":32,"column":66}}},"5":{"name":"(anonymous_5)","line":72,"loc":{"start":{"line":72,"column":9},"end":{"line":72,"column":23}}}},"statementMap":{"1":{"start":{"line":3,"column":0},"end":{"line":5,"column":3}},"2":{"start":{"line":7,"column":0},"end":{"line":7,"column":56}},"3":{"start":{"line":9,"column":0},"end":{"line":9,"column":57}},"4":{"start":{"line":11,"column":0},"end":{"line":11,"column":57}},"5":{"start":{"line":13,"column":0},"end":{"line":13,"column":50}},"6":{"start":{"line":15,"column":0},"end":{"line":15,"column":75}},"7":{"start":{"line":17,"column":0},"end":{"line":17,"column":68}},"8":{"start":{"line":19,"column":0},"end":{"line":19,"column":55}},"9":{"start":{"line":21,"column":0},"end":{"line":21,"column":67}},"10":{"start":{"line":23,"column":0},"end":{"line":23,"column":56}},"11":{"start":{"line":25,"column":0},"end":{"line":25,"column":67}},"12":{"start":{"line":27,"column":0},"end":{"line":27,"column":95}},"13":{"start":{"line":27,"column":39},"end":{"line":27,"column":93}},"14":{"start":{"line":29,"column":0},"end":{"line":75,"column":4}},"15":{"start":{"line":30,"column":2},"end":{"line":70,"column":6}},"16":{"start":{"line":31,"column":4},"end":{"line":31,"column":33}},"17":{"start":{"line":32,"column":4},"end":{"line":69,"column":22}},"18":{"start":{"line":33,"column":6},"end":{"line":68,"column":7}},"19":{"start":{"line":34,"column":8},"end":{"line":67,"column":9}},"20":{"start":{"line":36,"column":12},"end":{"line":36,"column":30}},"21":{"start":{"line":37,"column":12},"end":{"line":37,"column":143}},"22":{"start":{"line":40,"column":12},"end":{"line":40,"column":37}},"23":{"start":{"line":41,"column":12},"end":{"line":41,"column":30}},"24":{"start":{"line":42,"column":12},"end":{"line":42,"column":61}},"25":{"start":{"line":45,"column":12},"end":{"line":45,"column":35}},"26":{"start":{"line":48,"column":12},"end":{"line":50,"column":13}},"27":{"start":{"line":49,"column":14},"end":{"line":49,"column":58}},"28":{"start":{"line":52,"column":12},"end":{"line":52,"column":37}},"29":{"start":{"line":54,"column":12},"end":{"line":57,"column":13}},"30":{"start":{"line":55,"column":14},"end":{"line":55,"column":33}},"31":{"start":{"line":56,"column":14},"end":{"line":56,"column":20}},"32":{"start":{"line":59,"column":12},"end":{"line":59,"column":32}},"33":{"start":{"line":62,"column":12},"end":{"line":62,"column":53}},"34":{"start":{"line":66,"column":12},"end":{"line":66,"column":35}},"35":{"start":{"line":72,"column":2},"end":{"line":74,"column":4}},"36":{"start":{"line":73,"column":4},"end":{"line":73,"column":39}}},"branchMap":{"1":{"line":27,"type":"cond-expr","locations":[{"start":{"line":27,"column":70},"end":{"line":27,"column":73}},{"start":{"line":27,"column":76},"end":{"line":27,"column":92}}]},"2":{"line":27,"type":"binary-expr","locations":[{"start":{"line":27,"column":46},"end":{"line":27,"column":49}},{"start":{"line":27,"column":53},"end":{"line":27,"column":67}}]},"3":{"line":34,"type":"switch","locations":[{"start":{"line":35,"column":10},"end":{"line":37,"column":143}},{"start":{"line":39,"column":10},"end":{"line":42,"column":61}},{"start":{"line":44,"column":10},"end":{"line":59,"column":32}},{"start":{"line":61,"column":10},"end":{"line":62,"column":53}},{"start":{"line":64,"column":10},"end":{"line":64,"column":18}},{"start":{"line":65,"column":10},"end":{"line":66,"column":35}}]},"4":{"line":37,"type":"cond-expr","locations":[{"start":{"line":37,"column":119},"end":{"line":37,"column":131}},{"start":{"line":37,"column":134},"end":{"line":37,"column":138}}]},"5":{"line":48,"type":"if","locations":[{"start":{"line":48,"column":12},"end":{"line":48,"column":12}},{"start":{"line":48,"column":12},"end":{"line":48,"column":12}}]},"6":{"line":54,"type":"if","locations":[{"start":{"line":54,"column":12},"end":{"line":54,"column":12}},{"start":{"line":54,"column":12},"end":{"line":54,"column":12}}]}},"code":["'use strict';","","Object.defineProperty(exports, \"__esModule\", {","  value: true","});","","var _regenerator = require('babel-runtime/regenerator');","","var _regenerator2 = _interopRequireDefault(_regenerator);","","var _extends2 = require('babel-runtime/helpers/extends');","","var _extends3 = _interopRequireDefault(_extends2);","","var _asyncToGenerator2 = require('babel-runtime/helpers/asyncToGenerator');","","var _asyncToGenerator3 = _interopRequireDefault(_asyncToGenerator2);","","var _configureBundler = require('./configure-bundler');","","var _configureBundler2 = _interopRequireDefault(_configureBundler);","","var _runCompilerAsync = require('./run-compiler-async');","","var _runCompilerAsync2 = _interopRequireDefault(_runCompilerAsync);","","function _interopRequireDefault(obj) { return obj && obj.__esModule ? obj : { default: obj }; }","","exports.default = function () {","  var _ref = (0, _asyncToGenerator3.default)(_regenerator2.default.mark(function _callee(options) {","    var compiler, status, result;","    return _regenerator2.default.wrap(function _callee$(_context) {","      while (1) {","        switch (_context.prev = _context.next) {","          case 0:","            _context.next = 2;","            return (0, _configureBundler2.default)((0, _extends3.default)({}, options, { devtool: options.sourcemaps ? 'source-map' : null }));","","          case 2:","            compiler = _context.sent;","            _context.next = 5;","            return (0, _runCompilerAsync2.default)(compiler);","","          case 5:","            status = _context.sent;","","","            if (options.quiet !== false) {","              console.log(status.toString('errors-only'));","            }","","            result = status.toJson();","","            if (!result.errors.length) {","              _context.next = 10;","              break;","            }","","            throw result.errors;","","          case 10:","            return _context.abrupt('return', result);","","          case 11:","          case 'end':","            return _context.stop();","        }","      }","    }, _callee, this);","  }));","","  return function (_x) {","    return _ref.apply(this, arguments);","  };","}();","//# sourceMappingURL=bundler.js.map"],"l":{"3":1,"7":1,"9":1,"11":1,"13":1,"15":1,"17":1,"19":1,"21":1,"23":1,"25":1,"27":5,"29":1,"30":1,"31":0,"32":0,"33":0,"34":0,"36":0,"37":0,"40":0,"41":0,"42":0,"45":0,"48":0,"49":0,"52":0,"54":0,"55":0,"56":0,"59":0,"62":0,"66":0,"72":1,"73":0}},"/home/travis/build/npmtest/node-npmtest-quik/node_modules/quik/dist/configure-bundler.js":{"path":"/home/travis/build/npmtest/node-npmtest-quik/node_modules/quik/dist/configure-bundler.js","s":{"1":1,"2":1,"3":1,"4":1,"5":1,"6":1,"7":1,"8":1,"9":1,"10":1,"11":1,"12":1,"13":1,"14":1,"15":1,"16":1,"17":1,"18":1,"19":1,"20":1,"21":9,"22":1,"23":1,"24":0,"25":0,"26":0,"27":0,"28":0,"29":0,"30":0,"31":0,"32":0,"33":0,"34":0,"35":0,"36":0,"37":0,"38":0,"39":0,"40":0,"41":0,"42":0,"43":0,"44":0,"45":0,"46":0,"47":0,"48":0,"49":0,"50":0,"51":0,"52":0,"53":0,"54":0,"55":0,"56":0,"57":0,"58":0,"59":0,"60":0,"61":0,"62":0,"63":0,"64":0,"65":1,"66":0},"b":{"1":[5,4],"2":[9,9],"3":[0,0,0,0,0,0,0,0,0,0,0],"4":[0,0],"5":[0,0],"6":[0,0],"7":[0,0],"8":[0,0],"9":[0,0],"10":[0,0]},"f":{"1":9,"2":1,"3":0,"4":0,"5":0,"6":0},"fnMap":{"1":{"name":"_interopRequireDefault","line":43,"loc":{"start":{"line":43,"column":0},"end":{"line":43,"column":37}}},"2":{"name":"(anonymous_2)","line":45,"loc":{"start":{"line":45,"column":18},"end":{"line":45,"column":30}}},"3":{"name":"_callee","line":46,"loc":{"start":{"line":46,"column":72},"end":{"line":46,"column":98}}},"4":{"name":"_callee$","line":49,"loc":{"start":{"line":49,"column":38},"end":{"line":49,"column":66}}},"5":{"name":"(anonymous_5)","line":65,"loc":{"start":{"line":65,"column":59},"end":{"line":65,"column":72}}},"6":{"name":"(anonymous_6)","line":142,"loc":{"start":{"line":142,"column":9},"end":{"line":142,"column":23}}}},"statementMap":{"1":{"start":{"line":3,"column":0},"end":{"line":5,"column":3}},"2":{"start":{"line":7,"column":0},"end":{"line":7,"column":56}},"3":{"start":{"line":9,"column":0},"end":{"line":9,"column":57}},"4":{"start":{"line":11,"column":0},"end":{"line":11,"column":66}},"5":{"start":{"line":13,"column":0},"end":{"line":13,"column":58}},"6":{"start":{"line":15,"column":0},"end":{"line":15,"column":56}},"7":{"start":{"line":17,"column":0},"end":{"line":17,"column":49}},"8":{"start":{"line":19,"column":0},"end":{"line":19,"column":75}},"9":{"start":{"line":21,"column":0},"end":{"line":21,"column":68}},"10":{"start":{"line":23,"column":0},"end":{"line":23,"column":24}},"11":{"start":{"line":25,"column":0},"end":{"line":25,"column":39}},"12":{"start":{"line":27,"column":0},"end":{"line":27,"column":28}},"13":{"start":{"line":29,"column":0},"end":{"line":29,"column":43}},"14":{"start":{"line":31,"column":0},"end":{"line":31,"column":34}},"15":{"start":{"line":33,"column":0},"end":{"line":33,"column":49}},"16":{"start":{"line":35,"column":0},"end":{"line":35,"column":55}},"17":{"start":{"line":37,"column":0},"end":{"line":37,"column":67}},"18":{"start":{"line":39,"column":0},"end":{"line":39,"column":54}},"19":{"start":{"line":41,"column":0},"end":{"line":41,"column":65}},"20":{"start":{"line":43,"column":0},"end":{"line":43,"column":95}},"21":{"start":{"line":43,"column":39},"end":{"line":43,"column":93}},"22":{"start":{"line":45,"column":0},"end":{"line":145,"column":4}},"23":{"start":{"line":46,"column":2},"end":{"line":140,"column":6}},"24":{"start":{"line":47,"column":4},"end":{"line":47,"column":128}},"25":{"start":{"line":49,"column":4},"end":{"line":139,"column":57}},"26":{"start":{"line":50,"column":6},"end":{"line":138,"column":7}},"27":{"start":{"line":51,"column":8},"end":{"line":137,"column":9}},"28":{"start":{"line":53,"column":12},"end":{"line":53,"column":38}},"29":{"start":{"line":54,"column":12},"end":{"line":54,"column":62}},"30":{"start":{"line":56,"column":12},"end":{"line":59,"column":13}},"31":{"start":{"line":57,"column":14},"end":{"line":57,"column":32}},"32":{"start":{"line":58,"column":14},"end":{"line":58,"column":20}},"33":{"start":{"line":61,"column":12},"end":{"line":61,"column":56}},"34":{"start":{"line":64,"column":12},"end":{"line":64,"column":30}},"35":{"start":{"line":65,"column":12},"end":{"line":67,"column":16}},"36":{"start":{"line":66,"column":14},"end":{"line":66,"column":102}},"37":{"start":{"line":70,"column":12},"end":{"line":70,"column":34}},"38":{"start":{"line":71,"column":12},"end":{"line":71,"column":23}},"39":{"start":{"line":72,"column":12},"end":{"line":72,"column":45}},"40":{"start":{"line":73,"column":12},"end":{"line":73,"column":38}},"41":{"start":{"line":74,"column":12},"end":{"line":74,"column":39}},"42":{"start":{"line":75,"column":12},"end":{"line":75,"column":31}},"43":{"start":{"line":78,"column":12},"end":{"line":82,"column":13}},"44":{"start":{"line":79,"column":14},"end":{"line":79,"column":30}},"45":{"start":{"line":81,"column":14},"end":{"line":81,"column":59}},"46":{"start":{"line":84,"column":12},"end":{"line":84,"column":31}},"47":{"start":{"line":85,"column":12},"end":{"line":85,"column":18}},"48":{"start":{"line":88,"column":12},"end":{"line":88,"column":31}},"49":{"start":{"line":89,"column":12},"end":{"line":89,"column":48}},"50":{"start":{"line":90,"column":12},"end":{"line":90,"column":37}},"51":{"start":{"line":91,"column":12},"end":{"line":91,"column":41}},"52":{"start":{"line":94,"column":12},"end":{"line":94,"column":31}},"53":{"start":{"line":95,"column":12},"end":{"line":95,"column":31}},"54":{"start":{"line":97,"column":12},"end":{"line":99,"column":13}},"55":{"start":{"line":98,"column":14},"end":{"line":98,"column":33}},"56":{"start":{"line":102,"column":12},"end":{"line":102,"column":31}},"57":{"start":{"line":104,"column":12},"end":{"line":107,"column":13}},"58":{"start":{"line":105,"column":14},"end":{"line":105,"column":33}},"59":{"start":{"line":106,"column":14},"end":{"line":106,"column":20}},"60":{"start":{"line":109,"column":12},"end":{"line":109,"column":33}},"61":{"start":{"line":112,"column":12},"end":{"line":112,"column":39}},"62":{"start":{"line":115,"column":12},"end":{"line":115,"column":39}},"63":{"start":{"line":118,"column":12},"end":{"line":132,"column":17}},"64":{"start":{"line":136,"column":12},"end":{"line":136,"column":35}},"65":{"start":{"line":142,"column":2},"end":{"line":144,"column":4}},"66":{"start":{"line":143,"column":4},"end":{"line":143,"column":39}}},"branchMap":{"1":{"line":43,"type":"cond-expr","locations":[{"start":{"line":43,"column":70},"end":{"line":43,"column":73}},{"start":{"line":43,"column":76},"end":{"line":43,"column":92}}]},"2":{"line":43,"type":"binary-expr","locations":[{"start":{"line":43,"column":46},"end":{"line":43,"column":49}},{"start":{"line":43,"column":53},"end":{"line":43,"column":67}}]},"3":{"line":51,"type":"switch","locations":[{"start":{"line":52,"column":10},"end":{"line":61,"column":56}},{"start":{"line":63,"column":10},"end":{"line":67,"column":16}},{"start":{"line":69,"column":10},"end":{"line":85,"column":18}},{"start":{"line":87,"column":10},"end":{"line":91,"column":41}},{"start":{"line":93,"column":10},"end":{"line":99,"column":13}},{"start":{"line":101,"column":10},"end":{"line":109,"column":33}},{"start":{"line":111,"column":10},"end":{"line":112,"column":39}},{"start":{"line":114,"column":10},"end":{"line":115,"column":39}},{"start":{"line":117,"column":10},"end":{"line":132,"column":17}},{"start":{"line":134,"column":10},"end":{"line":134,"column":18}},{"start":{"line":135,"column":10},"end":{"line":136,"column":35}}]},"4":{"line":54,"type":"binary-expr","locations":[{"start":{"line":54,"column":25},"end":{"line":54,"column":39}},{"start":{"line":54,"column":43},"end":{"line":54,"column":61}}]},"5":{"line":56,"type":"if","locations":[{"start":{"line":56,"column":12},"end":{"line":56,"column":12}},{"start":{"line":56,"column":12},"end":{"line":56,"column":
[...]
e, _this);","                        }));","","                        return function (_x) {","                          return _ref.apply(this, arguments);","                        };","                      }()).catch(_formatError2.default);","","                    case 4:","                      _this.body = _context2.sent;","","                    case 5:","                    case 'end':","                      return _context2.stop();","                  }","                }","              }, _callee2, _this);","            })(), 't0', 2);","","          case 2:","            _context3.next = 4;","            return next;","","          case 4:","          case 'end':","            return _context3.stop();","        }","      }","    }, _callee3, this);","  });","};","","var _path = require('path');","","var _path2 = _interopRequireDefault(_path);","","var _memoryFs = require('memory-fs');","","var _memoryFs2 = _interopRequireDefault(_memoryFs);","","var _readFileAsync = require('./read-file-async');","","var _readFileAsync2 = _interopRequireDefault(_readFileAsync);","","var _runCompilerAsync = require('./run-compiler-async');","","var _runCompilerAsync2 = _interopRequireDefault(_runCompilerAsync);","","var _formatError = require('./format-error');","","var _formatError2 = _interopRequireDefault(_formatError);","","var _configureBundler = require('./configure-bundler');","","var _configureBundler2 = _interopRequireDefault(_configureBundler);","","function _interopRequireDefault(obj) { return obj && obj.__esModule ? obj : { default: obj }; }","","var CONTENT_TYPE = 'application/javascript';","//# sourceMappingURL=quik-middleware-js.js.map"],"l":{"3":1,"7":1,"9":1,"11":1,"13":1,"15":1,"16":1,"18":1,"19":0,"22":1,"23":0,"25":0,"26":0,"27":0,"29":0,"30":0,"31":0,"34":0,"35":0,"36":0,"37":0,"38":0,"40":0,"43":0,"44":0,"45":0,"52":0,"53":0,"54":0,"55":0,"56":0,"58":0,"61":0,"63":0,"64":0,"67":0,"68":0,"70":0,"71":0,"72":0,"75":0,"78":0,"79":0,"82":0,"86":0,"92":0,"93":0,"98":0,"102":0,"109":0,"110":0,"114":0,"121":1,"123":1,"125":1,"127":1,"129":1,"131":1,"133":1,"135":1,"137":1,"139":1,"141":1,"143":1,"145":8,"147":1}},"/home/travis/build/npmtest/node-npmtest-quik/node_modules/quik/dist/format-error.js":{"path":"/home/travis/build/npmtest/node-npmtest-quik/node_modules/quik/dist/format-error.js","s":{"1":1,"2":1,"3":0},"b":{},"f":{"1":0},"fnMap":{"1":{"name":"(anonymous_1)","line":7,"loc":{"start":{"line":7,"column":18},"end":{"line":7,"column":35}}}},"statementMap":{"1":{"start":{"line":3,"column":0},"end":{"line":5,"column":3}},"2":{"start":{"line":7,"column":0},"end":{"line":9,"column":2}},"3":{"start":{"line":8,"column":4},"end":{"line":8,"column":562}}},"branchMap":{},"code":["'use strict';","","Object.defineProperty(exports, \"__esModule\", {","    value: true","});","","exports.default = function (error) {","    return '\\n        /* show error response on build fail */\\n        document.body.onload = function() {\\n            document.body.style.background = \\'rgb(255, 221, 221)\\';\\n            document.body.style.color = \\'rgb(0, 0, 0)\\';\\n            document.body.style.padding = \\'10px\\';\\n            document.body.style.whiteSpace = \\'pre\\';\\n            document.body.style.fontFamily = \\'monospace\\';\\n\\n            document.body.textContent = \\'' + error.toString().replace(/\\\\/g, '\\\\\\\\').replace(/'/g, \"\\\\'\").replace(/\\n/g, '\\\\n') + '\\';\\n        }\\n    ';","};","//# sourceMappingURL=format-error.js.map"],"l":{"3":1,"7":1,"8":0}},"/home/travis/build/npmtest/node-npmtest-quik/node_modules/quik/dist/quik-middleware-run.js":{"path":"/home/travis/build/npmtest/node-npmtest-quik/node_modules/quik/dist/quik-middleware-run.js","s":{"1":1,"2":1,"3":1,"4":1,"5":1,"6":0,"7":0,"8":0,"9":0,"10":0,"11":0,"12":0,"13":0,"14":0,"15":1,"16":1,"17":1,"18":2,"19":1},"b":{"1":[0,0,0],"2":[0,0],"3":[0,0,0],"4":[1,1],"5":[2,2]},"f":{"1":1,"2":0,"3":0,"4":2},"fnMap":{"1":{"name":"(anonymous_1)","line":11,"loc":{"start":{"line":11,"column":18},"end":{"line":11,"column":37}}},"2":{"name":"_callee","line":12,"loc":{"start":{"line":12,"column":36},"end":{"line":12,"column":59}}},"3":{"name":"_callee$","line":13,"loc":{"start":{"line":13,"column":38},"end":{"line":13,"column":66}}},"4":{"name":"_interopRequireDefault","line":38,"loc":{"start":{"line":38,"column":0},"end":{"line":38,"column":37}}}},"statementMap":{"1":{"start":{"line":3,"column":0},"end":{"line":5,"column":3}},"2":{"start":{"line":7,"column":0},"end":{"line":7,"column":56}},"3":{"start":{"line":9,"column":0},"end":{"line":9,"column":57}},"4":{"start":{"line":11,"column":0},"end":{"line":32,"column":2}},"5":{"start":{"line":12,"column":2},"end":{"line":31,"column":5}},"6":{"start":{"line":13,"column":4},"end":{"line":30,"column":22}},"7":{"start":{"line":14,"column":6},"end":{"line":29,"column":7}},"8":{"start":{"line":15,"column":8},"end":{"line":28,"column":9}},"9":{"start":{"line":17,"column":12},"end":{"line":20,"column":13}},"10":{"start":{"line":18,"column":14},"end":{"line":18,"column":39}},"11":{"start":{"line":19,"column":14},"end":{"line":19,"column":68}},"12":{"start":{"line":22,"column":12},"end":{"line":22,"column":30}},"13":{"start":{"line":23,"column":12},"end":{"line":23,"column":24}},"14":{"start":{"line":27,"column":12},"end":{"line":27,"column":35}},"15":{"start":{"line":34,"column":0},"end":{"line":34,"column":43}},"16":{"start":{"line":36,"column":0},"end":{"line":36,"column":55}},"17":{"start":{"line":38,"column":0},"end":{"line":38,"column":95}},"18":{"start":{"line":38,"column":39},"end":{"line":38,"column":93}},"19":{"start":{"line":40,"column":0},"end":{"line":40,"column":31}}},"branchMap":{"1":{"line":15,"type":"switch","locations":[{"start":{"line":16,"column":10},"end":{"line":23,"column":24}},{"start":{"line":25,"column":10},"end":{"line":25,"column":17}},{"start":{"line":26,"column":10},"end":{"line":27,"column":35}}]},"2":{"line":17,"type":"if","locations":[{"start":{"line":17,"column":12},"end":{"line":17,"column":12}},{"start":{"line":17,"column":12},"end":{"line":17,"column":12}}]},"3":{"line":17,"type":"binary-expr","locations":[{"start":{"line":17,"column":16},"end":{"line":17,"column":37}},{"start":{"line":17,"column":41},"end":{"line":17,"column":67}},{"start":{"line":17,"column":71},"end":{"line":17,"column":107}}]},"4":{"line":38,"type":"cond-expr","locations":[{"start":{"line":38,"column":70},"end":{"line":38,"column":73}},{"start":{"line":38,"column":76},"end":{"line":38,"column":92}}]},"5":{"line":38,"type":"binary-expr","locations":[{"start":{"line":38,"column":46},"end":{"line":38,"column":49}},{"start":{"line":38,"column":53},"end":{"line":38,"column":67}}]}},"code":["'use strict';","","Object.defineProperty(exports, \"__esModule\", {","  value: true","});","","var _regenerator = require('babel-runtime/regenerator');","","var _regenerator2 = _interopRequireDefault(_regenerator);","","exports.default = function (options) {","  return _regenerator2.default.mark(function _callee(next) {","    return _regenerator2.default.wrap(function _callee$(_context) {","      while (1) {","        switch (_context.prev = _context.next) {","          case 0:","            if (this.method === 'GET' && this.accepts(CONTENT_TYPE) && /^\\/(index\\.html)?$/.test(this.path)) {","              this.type = CONTENT_TYPE;","              this.body = (0, _formatHtml2.default)(options.script);","            }","","            _context.next = 3;","            return next;","","          case 3:","          case 'end':","            return _context.stop();","        }","      }","    }, _callee, this);","  });","};","","var _formatHtml = require('./format-html');","","var _formatHtml2 = _interopRequireDefault(_formatHtml);","","function _interopRequireDefault(obj) { return obj && obj.__esModule ? obj : { default: obj }; }","","var CONTENT_TYPE = 'text/html';","//# sourceMappingURL=quik-middleware-run.js.map"],"l":{"3":1,"7":1,"9":1,"11":1,"12":1,"13":0,"14":0,"15":0,"17":0,"18":0,"19":0,"22":0,"23":0,"27":0,"34":1,"36":1,"38":2,"40":1}},"/home/travis/build/npmtest/node-npmtest-quik/node_modules/quik/middleware.js":{"path":"/home/travis/build/npmtest/node-npmtest-quik/node_modules/quik/middleware.js","s":{"1":1},"b":{},"f":{},"fnMap":{},"statementMap":{"1":{"start":{"line":3,"column":0},"end":{"line":3,"column":51}}},"branchMap":{},"code":["'use strict';","","module.exports = require('./dist/quik-middleware');",""],"l":{"3":1}},"/home/travis/build/npmtest/node-npmtest-quik/node_modules/quik/bin/quik.js":{"path":"/home/travis/build/npmtest/node-npmtest-quik/node_modules/quik/bin/quik.js","s":{"1":1},"b":{},"f":{},"fnMap":{},"statementMap":{"1":{"start":{"line":3,"column":0},"end":{"line":3,"column":28}}},"branchMap":{},"code":["//#! /usr/bin/env node","","require('../dist/quik-cli');",""],"l":{"3":1}},"/home/travis/build/npmtest/node-npmtest-quik/node_modules/quik/dist/quik-cli.js":{"path":"/home/travis/build/npmtest/node-npmtest-quik/node_modules/quik/dist/quik-cli.js","s":{"1":1,"2":1,"3":1,"4":1,"5":1,"6":1,"7":1,"8":1,"9":1,"10":1,"11":1,"12":1,"13":5,"14":1,"15":1,"16":0,"17":0,"18":0,"19":0,"20":1,"21":0,"22":0,"23":0,"24":0,"25":0,"26":0,"27":0,"28":0,"29":0,"30":0,"31":0,"32":1,"33":0,"34":0,"35":0,"36":0,"37":1,"38":1,"39":1,"40":1,"41":0,"42":1},"b":{"1":[0,5],"2":[5,5],"3":[0,1],"4":[0,1],"5":[0,0],"6":[0,0],"7":[0,1],"8":[0,1]},"f":{"1":5,"2":0,"3":0,"4":0,"5":0,"6":0,"7":0,"8":0,"9":0},"fnMap":{"1":{"name":"_interopRequireDefault","line":25,"loc":{"start":{"line":25,"column":0},"end":{"line":25,"column":37}}},"2":{"name":"(anonymous_2)","line":89,"loc":{"start":{"line":89,"column":10},"end":{"line":89,"column":22}}},"3":{"name":"(anonymous_3)","line":91,"loc":{"start":{"line":91,"column":11},"end":{"line":91,"column":26}}},"4":{"name":"(anonymous_4)","line":98,"loc":{"start":{"line":98,"column":27},"end":{"line":98,"column":41}}},"5":{"name":"(anonymous_5)","line":105,"loc":{"start":{"line":105,"column":10},"end":{"line":105,"column":28}}},"6":{"name":"(anonymous_6)","line":115,"loc":{"start":{"line":115,"column":100},"end":{"line":115,"column":113}}},"7":{"name":"(anonymous_7)","line":118,"loc":{"start":{"line":118,"column":11},"end":{"line":118,"column":26}}},"8":{"name":"(anonymous_8)","line":130,"loc":{"start":{"line":130,"column":10},"end":{"line":130,"column":26}}},"9":{"name":"(anonymous_9)","line":132,"loc":{"start":{"line":132,"column":11},"end":{"line":132,"column":26}}}},"statementMap":{"1":{"start":{"line":3,"column":0},"end":{"line":3,"column":30}},"2":{"start":{"line":5,"column":0},"end":{"line":5,"column":45}},"3":{"start":{"line":7,"column":0},"end":{"line":7,"column":28}},"4":{"start":{"line":9,"column":0},"end":{"line":9,"column":43}},"5":{"start":{"line":11,"column":0},"end":{"line":11,"column":26}},"6":{"start":{"line":13,"column":0},"end":{"line":13,"column":41}},"7":{"start":{"line":15,"column":0},"end":{"line":15,"column":30}},"8":{"start":{"line":17,"column":0},"end":{"line":17,"column":45}},"9":{"start":{"line":19,"column":0},"end":{"line":19,"column":42}},"10":{"start":{"line":21,"column":0},"end":{"line":21,"column":49}},"11":{"start":{"line":23,"column":0},"end":{"line":23,"column":32}},"12":{"start":{"line":25,"column":0},"end":{"line":25,"column":95}},"13":{"start":{"line":25,"column":39},"end":{"line":25,"column":93}},"14":{"start":{"line":27,"column":0},"end":{"line":83,"column":545}},"15":{"start":{"line":85,"column":0},"end":{"line":153,"column":1}},"16":{"start":{"line":86,"column":2},"end":{"line":94,"column":5}},"17":{"start":{"line":90,"column":4},"end":{"line":90,"column":255}},"18":{"start":{"line":92,"column":4},"end":{"line":92,"column":29}},"19":{"start":{"line":93,"column":4},"end":{"line":93,"column":20}},"20":{"start":{"line":95,"column":7},"end":{"line":153,"column":1}},"21":{"start":{"line":96,"column":2},"end":{"line":121,"column":5}},"22":{"start":{"line":99,"column":6},"end":{"line":99,"column":23}},"23":{"start":{"line":106,"column":4},"end":{"line":106,"column":42}},"24":{"start":{"line":107,"column":4},"end":{"line":107,"column":21}},"25":{"start":{"line":109,"column":4},"end":{"line":113,"column":5}},"26":{"start":{"line":110,"column":6},"end":{"line":110,"column":28}},"27":{"start":{"line":112,"column":6},"end":{"line":112,"column":99}},"28":{"start":{"line":115,"column":4},"end":{"line":117,"column":19}},"29":{"start":{"line":116,"column":6},"end":{"line":116,"column":100}},"30":{"start":{"line":119,"column":4},"end":{"line":119,"column":23}},"31":{"start":{"line":120,"column":4},"end":{"line":120,"column":20}},"32":{"start":{"line":122,"column":7},"end":{"line":153,"column":1}},"33":{"start":{"line":123,"column":2},"end":{"line":135,"column":5}},"34":{"start":{"line":131,"column":4},"end":{"line":131,"column":147}},"35":{"start":{"line":133,"column":4},"end":{"line":133,"column":23}},"36":{"start":{"line":134,"column":4},"end":{"line":134,"column":20}},"37":{"start":{"line":137,"column":2},"end":{"line":142,"column":23}},"38":{"start":{"line":144,"column":2},"end":{"line":144,"column":44}},"39":{"start":{"line":146,"column":2},"end":{"line":146,"column":71}},"40":{"start":{"line":148,"column":2},"end":{"line":152,"column":3}},"41":{"start":{"line":149,"column":4},"end":{"line":149,"column":51}},"42":{"start":{"line":151,"column":4},"end":{"line":151,"column":28}}},"branchMap":{"1":{"line":25,"type":"cond-expr","locations":[{"start":{"line":25,"column":70},"end":{"line":25,"column":73}},{"start":{"line":25,"column":76},"end":{"line":25,"column":92}}]},"2":{"line":25,"type":"binary-expr","locations":[{"start":{"line":25,"column":46},"end":{"line":25,"column":49}},{"start":{"line":25,"column":53},"end":{"line":25,"column":67}}]},"3":{"line":85,"type":"if","locations":[{"start":{"line":85,"column":0},"end":{"line":85,"column":0}},{"start":{"line":85,"column":0},"end":{"line":85,"column":0}}]},"4":{"line":95,"type":"if","locations":[{"start":{"line":95,"column":7},"end":{"line":95,"column":7}},{"start":{"line":95,"column":7},"end":{"line":95,"column":7}}]},"5":{"line":112,"type":"cond-expr","locations":[{"start":{"line":112,"column":80},"end":{"line":112,"column":88}},{"start":{"line":112,"column":91},"end":{"line":112,"column":96}}]},"6":{"line":115,"type":"cond-expr","locations":[{"start":{"line":115,"column":57},"end":{"line":115,"column":60}},{"start":{"line":115,"column":63},"end":{"line":115,"column":65}}]},"7":{"line":122,"type":"if","locations":[{"start":{"line":122,"column":7},"end":{"line":122,"column":7}},{"start":{"line":122,"column":7},"end":{"line":122,"column":7}}]},"8":{"line":148,"type":"if","locations":[{"start":{"line":148,"column":2},"end":{"line":148,"column":2}},{"start":{"line":148,"column":2},"end":{"line":148,"column":2}}]}},"code":["'use strict';","","var _yargs = require('yargs');","","var _yargs2 = _interopRequireDefault(_yargs);","","var _path = require('path');","","var _path2 = _interopRequireDefault(_path);","","var _opn = require('opn');","","var _opn2 = _interopRequireDefault(_opn);","","var _chalk = require('chalk');","","var _chalk2 = _interopRequireDefault(_chalk);","","var _package = require('../package.json');","","var _package2 = _interopRequireDefault(_package);","","var _index = require('./index');","","function _interopRequireDefault(obj) { return obj && obj.__esModule ? obj : { default: obj }; }","","var argv = _yargs2.default.usage('Usage: $0 [...options]').options({","  init: {","    type: 'string',","    description: 'Initialize a sample project'","  },","  port: {","    default: 3030,","    description: 'Port to listen on'","  },","  run: {","    alias: 'r',","    type: 'string',","    description: 'Script to run in browser'","  },","  watch: {","    alias: 'w',","    type: 'array',","    description: 'Scripts to watch for changes'","  },","  bundle: {","    alias: 'b',","    type: 'array',","    description: 'Scripts to bundle'","  },","  html: {","    type: 'string',","    description: 'Name of the input file for sharable HTML bundle'","  },","  js: {","    type: 'string',","    description: 'Name of the JavaScript file to include in the HTML bundle when no HTML is specified'","  },","  output: {","    alias: 'o',","    type: 'string',","    description: 'Name of the output file'","  },","  common: {","    type: 'string',","    description: 'Name of file to contain common code in case of multiple entries'","  },","  production: {","    type: 'boolean',","    default: false,","    description: 'Optimize bundle for production'","  },","  sourcemaps: {","    type: 'boolean',","    default: true,","    description: 'Generate sourcemaps for bundle'","  },","  browser: {","    type: 'string',","    default: '',","    description: 'Name of using browser'","  }","}).example('$0 --run index.js', 'Run the script \\'index.js\\' in a browser and watch for changes').example('$0 --port 8008 --watch index.js', 'Start the server in the port \\'8008\\' and watch \\'index.js\\' for changes').example('$0 --bundle entry.js --output bundle.js --production', 'Generate a bundle named \\'bundle.js\\' from \\'entry.js\\' for production').example('$0 --html index.html --output bundle.html', 'Generate a sharable HTML file named \\'bundle.html\\' from \\'index.html\\'').help('help').version(_package2.default.version).strict().argv;","","if (argv.init) {","  (0, _index.init)({","    root: process.cwd(),","    name: argv.init","  }).then(function () {","    console.log('✨  All done!\\n\\n' + (' - Run ' + _chalk2.default.bold(_chalk2.default.yellow('npm start')) + ' to start the server\\n') + (' - Run ' + _chalk2.default.bold(_chalk2.default.yellow('npm run build')) + ' to build production ready bundle\\n'));","  }).catch(function (err) {","    console.log(err.message);","    process.exit(1);","  });","} else if (argv.bundle) {","  (0, _index.bundle)({","    root: process.cwd(),","    entry: argv.bundle.map(function (it) {","      return './' + it;","    }),","    common: argv.common,","    output: argv.output,","    production: argv.production,","    sourcemaps: argv.sourcemaps","  }).then(function (result) {","    var assets = result.assetsByChunkName;","    var bundles = [];","","    for (var b in assets) {","      var entry = assets[b];","","      bundles.push(_path2.default.resolve(process.cwd(), Array.isArray(entry) ? entry[0] : entry));","    }","","    console.log('\\u2728  Bundle' + (bundles.length > 1 ? 's' : '') + ' generated at ' + bundles.map(function (b) {","      return _chalk2.default.bold(_chalk2.default.green(_path2.default.relative(process.cwd(), b)));","    }).join(', '));","  }).catch(function (err) {","    console.error(err);","    process.exit(1);","  });","} else if (typeof argv.html === 'string') {","  (0, _index.html)({","    root: process.cwd(),","    js: argv.js,","    entry: argv.html,","    output: argv.output,","    production: argv.production,","    sourcemaps: argv.sourcemaps","  }).then(function (file) {","    console.log('\\u2728  Sharable HTML generated at ' + _chalk2.default.bold(_chalk2.default.green(_path2.default.relative(process.cwd(), file))));","  }).catch(function (err) {","    console.error(err);","    process.exit(1);","  });","} else {","  (0, _index.server)({","    root: process.cwd(),","    port: argv.port,","    run: argv.run,","    watch: argv.watch","  }).listen(argv.port);","","  var url = 'http://localhost:' + argv.port;","","  console.log('Quik is serving files at ' + _chalk2.default.blue(url));","","  if (argv.browser) {","    (0, _opn2.default)(url, { app: argv.browser });","  } else {","    (0, _opn2.default)(url);","  }","}","//# sourceMappingURL=quik-cli.js.map"],"l":{"3":1,"5":1,"7":1,"9":1,"11":1,"13":1,"15":1,"17":1,"19":1,"21":1,"23":1,"25":5,"27":1,"85":1,"86":0,"90":0,"92":0,"93":0,"95":1,"96":0,"99":0,"106":0,"107":0,"109":0,"110":0,"112":0,"115":0,"116":0,"119":0,"120":0,"122":1,"123":0,"131":0,"133":0,"134":0,"137":1,"144":1,"146":1,"148":1,"149":0,"151":1}}}